<?xml version="1.0" encoding="UTF-8"?>
<testsuite name="com.example.demo.JobListsServiceTest" tests="1" skipped="0" failures="0" errors="0" timestamp="2025-11-28T11:50:51" hostname="DESKTOP-CLKKS2S" time="10.501">
  <properties/>
  <testcase name="jobListsService()" classname="com.example.demo.JobListsServiceTest" time="10.501"/>
  <system-out><![CDATA[20:50:48.482 [Test worker] DEBUG org.springframework.test.context.BootstrapUtils - Instantiating CacheAwareContextLoaderDelegate from class [org.springframework.test.context.cache.DefaultCacheAwareContextLoaderDelegate]
20:50:48.490 [Test worker] DEBUG org.springframework.test.context.BootstrapUtils - Instantiating BootstrapContext using constructor [public org.springframework.test.context.support.DefaultBootstrapContext(java.lang.Class,org.springframework.test.context.CacheAwareContextLoaderDelegate)]
20:50:48.512 [Test worker] DEBUG org.springframework.test.context.BootstrapUtils - Instantiating TestContextBootstrapper for test class [com.example.demo.JobListsServiceTest] from class [org.springframework.boot.test.context.SpringBootTestContextBootstrapper]
20:50:48.520 [Test worker] INFO org.springframework.boot.test.context.SpringBootTestContextBootstrapper - Neither @ContextConfiguration nor @ContextHierarchy found for test class [com.example.demo.JobListsServiceTest], using SpringBootContextLoader
20:50:48.522 [Test worker] DEBUG org.springframework.test.context.support.AbstractContextLoader - Did not detect default resource location for test class [com.example.demo.JobListsServiceTest]: class path resource [com/example/demo/JobListsServiceTest-context.xml] does not exist
20:50:48.522 [Test worker] DEBUG org.springframework.test.context.support.AbstractContextLoader - Did not detect default resource location for test class [com.example.demo.JobListsServiceTest]: class path resource [com/example/demo/JobListsServiceTestContext.groovy] does not exist
20:50:48.522 [Test worker] INFO org.springframework.test.context.support.AbstractContextLoader - Could not detect default resource locations for test class [com.example.demo.JobListsServiceTest]: no resource found for suffixes {-context.xml, Context.groovy}.
20:50:48.523 [Test worker] INFO org.springframework.test.context.support.AnnotationConfigContextLoaderUtils - Could not detect default configuration classes for test class [com.example.demo.JobListsServiceTest]: JobListsServiceTest does not declare any static, non-private, non-final, nested classes annotated with @Configuration.
20:50:48.549 [Test worker] DEBUG org.springframework.test.context.support.ActiveProfilesUtils - Could not find an 'annotation declaring class' for annotation type [org.springframework.test.context.ActiveProfiles] and class [com.example.demo.JobListsServiceTest]
20:50:48.586 [Test worker] DEBUG org.springframework.context.annotation.ClassPathScanningCandidateComponentProvider - Identified candidate component class: file [D:\프로젝트\demo\demo\backend\build\classes\java\main\com\example\demo\DemoApplication.class]
20:50:48.587 [Test worker] INFO org.springframework.boot.test.context.SpringBootTestContextBootstrapper - Found @SpringBootConfiguration com.example.demo.DemoApplication for test class com.example.demo.JobListsServiceTest
20:50:48.643 [Test worker] DEBUG org.springframework.boot.test.context.SpringBootTestContextBootstrapper - @TestExecutionListeners is not present for class [com.example.demo.JobListsServiceTest]: using defaults.
20:50:48.643 [Test worker] INFO org.springframework.boot.test.context.SpringBootTestContextBootstrapper - Loaded default TestExecutionListener class names from location [META-INF/spring.factories]: [org.springframework.boot.test.autoconfigure.restdocs.RestDocsTestExecutionListener, org.springframework.boot.test.autoconfigure.web.client.MockRestServiceServerResetTestExecutionListener, org.springframework.boot.test.autoconfigure.web.servlet.MockMvcPrintOnlyOnFailureTestExecutionListener, org.springframework.boot.test.autoconfigure.web.servlet.WebDriverTestExecutionListener, org.springframework.boot.test.autoconfigure.webservices.client.MockWebServiceServerTestExecutionListener, org.springframework.boot.test.mock.mockito.MockitoTestExecutionListener, org.springframework.boot.test.mock.mockito.ResetMocksTestExecutionListener, org.springframework.test.context.web.ServletTestExecutionListener, org.springframework.test.context.support.DirtiesContextBeforeModesTestExecutionListener, org.springframework.test.context.event.ApplicationEventsTestExecutionListener, org.springframework.test.context.support.DependencyInjectionTestExecutionListener, org.springframework.test.context.support.DirtiesContextTestExecutionListener, org.springframework.test.context.transaction.TransactionalTestExecutionListener, org.springframework.test.context.jdbc.SqlScriptsTestExecutionListener, org.springframework.test.context.event.EventPublishingTestExecutionListener]
20:50:48.654 [Test worker] INFO org.springframework.boot.test.context.SpringBootTestContextBootstrapper - Using TestExecutionListeners: [org.springframework.test.context.web.ServletTestExecutionListener@740d2e78, org.springframework.test.context.support.DirtiesContextBeforeModesTestExecutionListener@1c481ff2, org.springframework.test.context.event.ApplicationEventsTestExecutionListener@72437d8d, org.springframework.boot.test.mock.mockito.MockitoTestExecutionListener@1b955cac, org.springframework.boot.test.autoconfigure.SpringBootDependencyInjectionTestExecutionListener@676cf48, org.springframework.test.context.support.DirtiesContextTestExecutionListener@5a1de7fb, org.springframework.test.context.transaction.TransactionalTestExecutionListener@335b5620, org.springframework.test.context.jdbc.SqlScriptsTestExecutionListener@29a0cdb, org.springframework.test.context.event.EventPublishingTestExecutionListener@32a68f4f, org.springframework.boot.test.autoconfigure.restdocs.RestDocsTestExecutionListener@73194df, org.springframework.boot.test.autoconfigure.web.client.MockRestServiceServerResetTestExecutionListener@6eb2384f, org.springframework.boot.test.autoconfigure.web.servlet.MockMvcPrintOnlyOnFailureTestExecutionListener@3c9c0d96, org.springframework.boot.test.autoconfigure.web.servlet.WebDriverTestExecutionListener@3a4621bd, org.springframework.boot.test.autoconfigure.webservices.client.MockWebServiceServerTestExecutionListener@31dadd46, org.springframework.boot.test.mock.mockito.ResetMocksTestExecutionListener@4ed5eb72]
20:50:48.657 [Test worker] DEBUG org.springframework.test.context.support.AbstractDirtiesContextTestExecutionListener - Before test class: context [DefaultTestContext@41709512 testClass = JobListsServiceTest, testInstance = [null], testMethod = [null], testException = [null], mergedContextConfiguration = [WebMergedContextConfiguration@42039326 testClass = JobListsServiceTest, locations = '{}', classes = '{class com.example.demo.DemoApplication}', contextInitializerClasses = '[]', activeProfiles = '{}', propertySourceLocations = '{}', propertySourceProperties = '{org.springframework.boot.test.context.SpringBootTestContextBootstrapper=true}', contextCustomizers = set[org.springframework.boot.test.autoconfigure.actuate.metrics.MetricsExportContextCustomizerFactory$DisableMetricExportContextCustomizer@4c163e3, org.springframework.boot.test.autoconfigure.properties.PropertyMappingContextCustomizer@0, org.springframework.boot.test.autoconfigure.web.servlet.WebDriverContextCustomizerFactory$Customizer@2ab4bc72, org.springframework.boot.test.context.filter.ExcludeFilterContextCustomizer@43f02ef2, org.springframework.boot.test.json.DuplicateJsonObjectContextCustomizerFactory$DuplicateJsonObjectContextCustomizer@6f204a1a, org.springframework.boot.test.mock.mockito.MockitoContextCustomizer@0, org.springframework.boot.test.web.client.TestRestTemplateContextCustomizer@2dfaea86, org.springframework.boot.test.context.SpringBootTestArgs@1, org.springframework.boot.test.context.SpringBootTestWebEnvironment@1534f01b], resourceBasePath = 'src/main/webapp', contextLoader = 'org.springframework.boot.test.context.SpringBootContextLoader', parent = [null]], attributes = map['org.springframework.test.context.web.ServletTestExecutionListener.activateListener' -> true]], class annotated with @DirtiesContext [false] with mode [null].
20:50:48.680 [Test worker] DEBUG org.springframework.boot.ApplicationServletEnvironment - Activating profiles []
20:50:48.680 [Test worker] DEBUG org.springframework.test.context.support.TestPropertySourceUtils - Adding inlined properties to environment: {spring.jmx.enabled=false, org.springframework.boot.test.context.SpringBootTestContextBootstrapper=true}

  .   ____          _            __ _ _
 /\\ / ___'_ __ _ _(_)_ __  __ _ \ \ \ \
( ( )\___ | '_ | '_| | '_ \/ _` | \ \ \ \
 \\/  ___)| |_)| | | | | || (_| |  ) ) ) )
  '  |____| .__|_| |_|_| |_\__, | / / / /
 =========|_|==============|___/=/_/_/_/
 :: Spring Boot ::                (v2.6.2)

2025-11-28 20:50:48.890  WARN 23872 --- [    Test worker] ory$DuplicateJsonObjectContextCustomizer : 

Found multiple occurrences of org.json.JSONObject on the class path:

	jar:file:/C:/Users/stmdg/.gradle/caches/modules-2/files-2.1/org.json/json/20231013/e22e0c040fe16f04ffdb85d851d77b07fc05ea52/json-20231013.jar!/org/json/JSONObject.class
	jar:file:/C:/Users/stmdg/.gradle/caches/modules-2/files-2.1/com.vaadin.external.google/android-json/0.0.20131108.vaadin1/fa26d351fe62a6a17f5cda1287c1c6110dec413f/android-json-0.0.20131108.vaadin1.jar!/org/json/JSONObject.class

You may wish to exclude one of them to ensure predictable runtime behavior

2025-11-28 20:50:48.897  INFO 23872 --- [    Test worker] com.example.demo.JobListsServiceTest     : Starting JobListsServiceTest using Java 1.8.0_442 on DESKTOP-CLKKS2S with PID 23872 (started by home in D:\프로젝트\demo\demo\backend)
2025-11-28 20:50:48.897 DEBUG 23872 --- [    Test worker] com.example.demo.JobListsServiceTest     : Running with Spring Boot v2.6.2, Spring v5.3.14
2025-11-28 20:50:48.897  INFO 23872 --- [    Test worker] com.example.demo.JobListsServiceTest     : No active profile set, falling back to default profiles: default
2025-11-28 20:50:49.202  INFO 23872 --- [    Test worker] .s.d.r.c.RepositoryConfigurationDelegate : Bootstrapping Spring Data JPA repositories in DEFAULT mode.
2025-11-28 20:50:49.235  INFO 23872 --- [    Test worker] .s.d.r.c.RepositoryConfigurationDelegate : Finished Spring Data repository scanning in 25 ms. Found 1 JPA repository interfaces.
2025-11-28 20:50:49.564  INFO 23872 --- [    Test worker] o.hibernate.jpa.internal.util.LogHelper  : HHH000204: Processing PersistenceUnitInfo [name: default]
2025-11-28 20:50:49.590  INFO 23872 --- [    Test worker] org.hibernate.Version                    : HHH000412: Hibernate ORM core version 5.6.3.Final
2025-11-28 20:50:49.685  INFO 23872 --- [    Test worker] o.hibernate.annotations.common.Version   : HCANN000001: Hibernate Commons Annotations {5.1.2.Final}
2025-11-28 20:50:49.740  INFO 23872 --- [    Test worker] com.zaxxer.hikari.HikariDataSource       : HikariPool-1 - Starting...
2025-11-28 20:50:49.909  INFO 23872 --- [    Test worker] com.zaxxer.hikari.HikariDataSource       : HikariPool-1 - Start completed.
2025-11-28 20:50:49.927  INFO 23872 --- [    Test worker] org.hibernate.dialect.Dialect            : HHH000400: Using dialect: org.hibernate.dialect.MySQL8Dialect
2025-11-28 20:50:50.225  INFO 23872 --- [    Test worker] o.h.e.t.j.p.i.JtaPlatformInitiator       : HHH000490: Using JtaPlatform implementation: [org.hibernate.engine.transaction.jta.platform.internal.NoJtaPlatform]
2025-11-28 20:50:50.229  INFO 23872 --- [    Test worker] j.LocalContainerEntityManagerFactoryBean : Initialized JPA EntityManagerFactory for persistence unit 'default'
2025-11-28 20:50:50.349  WARN 23872 --- [    Test worker] JpaBaseConfiguration$JpaWebConfiguration : spring.jpa.open-in-view is enabled by default. Therefore, database queries may be performed during view rendering. Explicitly configure spring.jpa.open-in-view to disable this warning
2025-11-28 20:50:50.659  INFO 23872 --- [    Test worker] o.s.b.a.w.s.WelcomePageHandlerMapping    : Adding welcome page: class path resource [static/index.html]
2025-11-28 20:50:51.071  INFO 23872 --- [    Test worker] com.example.demo.JobListsServiceTest     : Started JobListsServiceTest in 2.39 seconds (JVM running for 3.143)
2025-11-28 20:50:51.120  INFO 23872 --- [    Test worker] c.example.demo.service.JobListsService   : >>>>>> 크롤링 시작
2025-11-28 20:50:51.121  INFO 23872 --- [    Test worker] c.example.demo.service.JobListsService   : job code: DEV_PM
2025-11-28 20:50:51.512  INFO 23872 --- [    Test worker] c.example.demo.service.JobListsService   : url: https://www.saramin.co.kr/zf_user/jobs/list/job-category?cat_kewd=2247&loc_mcd=101000&page=1&sort=RD&count=100
2025-11-28 20:50:51.575  INFO 23872 --- [    Test worker] c.example.demo.service.JobListsService   : >>>마지막 공고 한영회계법인 등록일자 1일 전 등록
2025-11-28 20:50:51.576  INFO 23872 --- [    Test worker] c.example.demo.service.JobListsService   : >> 24시간 이전 공고 없음
2025-11-28 20:50:51.576  INFO 23872 --- [    Test worker] c.example.demo.service.JobListsService   : job code: GAME_DEV
2025-11-28 20:50:51.878  INFO 23872 --- [    Test worker] c.example.demo.service.JobListsService   : url: https://www.saramin.co.kr/zf_user/jobs/list/job-category?cat_kewd=80&loc_mcd=101000&page=1&sort=RD&count=100
2025-11-28 20:50:51.889  INFO 23872 --- [    Test worker] c.example.demo.service.JobListsService   : >>>마지막 공고 (주)미투온 등록일자 1일 전 등록
2025-11-28 20:50:51.890  INFO 23872 --- [    Test worker] c.example.demo.service.JobListsService   : >> 24시간 이전 공고 없음
2025-11-28 20:50:51.890  INFO 23872 --- [    Test worker] c.example.demo.service.JobListsService   : job code: TECH_SUPPORT
2025-11-28 20:50:52.318  INFO 23872 --- [    Test worker] c.example.demo.service.JobListsService   : url: https://www.saramin.co.kr/zf_user/jobs/list/job-category?cat_kewd=81&loc_mcd=101000&page=1&sort=RD&count=100
2025-11-28 20:50:52.328  INFO 23872 --- [    Test worker] c.example.demo.service.JobListsService   : >>>마지막 공고 구루넷 등록일자 1일 전 등록
2025-11-28 20:50:52.328  INFO 23872 --- [    Test worker] c.example.demo.service.JobListsService   : >> 24시간 이전 공고 없음
2025-11-28 20:50:52.329  INFO 23872 --- [    Test worker] c.example.demo.service.JobListsService   : job code: DATA_SCIENTIST
2025-11-28 20:50:52.648  INFO 23872 --- [    Test worker] c.example.demo.service.JobListsService   : url: https://www.saramin.co.kr/zf_user/jobs/list/job-category?cat_kewd=2248&loc_mcd=101000&page=1&sort=RD&count=100
2025-11-28 20:50:52.654  INFO 23872 --- [    Test worker] c.example.demo.service.JobListsService   : >>>마지막 공고 (주)에코마케팅 등록일자 1일 전 등록
2025-11-28 20:50:52.654  INFO 23872 --- [    Test worker] c.example.demo.service.JobListsService   : >> 24시간 이전 공고 없음
2025-11-28 20:50:52.654  INFO 23872 --- [    Test worker] c.example.demo.service.JobListsService   : job code: DATA_ANALYST
2025-11-28 20:50:52.998  INFO 23872 --- [    Test worker] c.example.demo.service.JobListsService   : url: https://www.saramin.co.kr/zf_user/jobs/list/job-category?cat_kewd=82&loc_mcd=101000&page=1&sort=RD&count=100
2025-11-28 20:50:53.006  INFO 23872 --- [    Test worker] c.example.demo.service.JobListsService   : >>>마지막 공고 (주)에코마케팅 등록일자 1일 전 등록
2025-11-28 20:50:53.006  INFO 23872 --- [    Test worker] c.example.demo.service.JobListsService   : >> 24시간 이전 공고 없음
2025-11-28 20:50:53.006  INFO 23872 --- [    Test worker] c.example.demo.service.JobListsService   : job code: DATA_ENGINEER
2025-11-28 20:50:53.323  INFO 23872 --- [    Test worker] c.example.demo.service.JobListsService   : url: https://www.saramin.co.kr/zf_user/jobs/list/job-category?cat_kewd=83&loc_mcd=101000&page=1&sort=RD&count=100
2025-11-28 20:50:53.327  INFO 23872 --- [    Test worker] c.example.demo.service.JobListsService   : >>>마지막 공고 구루넷 등록일자 1일 전 등록
2025-11-28 20:50:53.327  INFO 23872 --- [    Test worker] c.example.demo.service.JobListsService   : >> 24시간 이전 공고 없음
2025-11-28 20:50:53.327  INFO 23872 --- [    Test worker] c.example.demo.service.JobListsService   : job code: BACKEND_SERVER
2025-11-28 20:50:53.731  INFO 23872 --- [    Test worker] c.example.demo.service.JobListsService   : url: https://www.saramin.co.kr/zf_user/jobs/list/job-category?cat_kewd=84&loc_mcd=101000&page=1&sort=RD&count=100
2025-11-28 20:50:54.046  INFO 23872 --- [    Test worker] c.example.demo.service.JobListsService   : url: https://www.saramin.co.kr/zf_user/jobs/list/job-category?cat_kewd=84&loc_mcd=101000&page=2&sort=RD&count=100
2025-11-28 20:50:54.049  INFO 23872 --- [    Test worker] c.example.demo.service.JobListsService   : >>>마지막 공고 구루넷 등록일자 1일 전 등록
2025-11-28 20:50:54.050  INFO 23872 --- [    Test worker] c.example.demo.service.JobListsService   : >> 24시간 이전 공고 없음
2025-11-28 20:50:54.050  INFO 23872 --- [    Test worker] c.example.demo.service.JobListsService   : job code: SECURITY_MONITORING
2025-11-28 20:50:54.330  INFO 23872 --- [    Test worker] c.example.demo.service.JobListsService   : url: https://www.saramin.co.kr/zf_user/jobs/list/job-category?cat_kewd=2239&loc_mcd=101000&page=1&sort=RD&count=100
2025-11-28 20:50:54.335  INFO 23872 --- [    Test worker] c.example.demo.service.JobListsService   : >>>마지막 공고 (주)제이캐스팅 등록일자 1일 전 등록
2025-11-28 20:50:54.335  INFO 23872 --- [    Test worker] c.example.demo.service.JobListsService   : >> 24시간 이전 공고 없음
2025-11-28 20:50:54.335  INFO 23872 --- [    Test worker] c.example.demo.service.JobListsService   : job code: SECURITY_CONSULTING
2025-11-28 20:50:54.660  INFO 23872 --- [    Test worker] c.example.demo.service.JobListsService   : url: https://www.saramin.co.kr/zf_user/jobs/list/job-category?cat_kewd=85&loc_mcd=101000&page=1&sort=RD&count=100
2025-11-28 20:50:54.663  INFO 23872 --- [    Test worker] c.example.demo.service.JobListsService   : >>>마지막 공고 리드커리어(주) 등록일자 1일 전 등록
2025-11-28 20:50:54.663  INFO 23872 --- [    Test worker] c.example.demo.service.JobListsService   : >> 24시간 이전 공고 없음
2025-11-28 20:50:54.663  INFO 23872 --- [    Test worker] c.example.demo.service.JobListsService   : job code: APP_DEV
2025-11-28 20:50:54.966  INFO 23872 --- [    Test worker] c.example.demo.service.JobListsService   : url: https://www.saramin.co.kr/zf_user/jobs/list/job-category?cat_kewd=86&loc_mcd=101000&page=1&sort=RD&count=100
2025-11-28 20:50:54.969  INFO 23872 --- [    Test worker] c.example.demo.service.JobListsService   : >>>마지막 공고 구루넷 등록일자 1일 전 등록
2025-11-28 20:50:54.969  INFO 23872 --- [    Test worker] c.example.demo.service.JobListsService   : >> 24시간 이전 공고 없음
2025-11-28 20:50:54.969  INFO 23872 --- [    Test worker] c.example.demo.service.JobListsService   : job code: WEB_DEV
2025-11-28 20:50:55.295  INFO 23872 --- [    Test worker] c.example.demo.service.JobListsService   : url: https://www.saramin.co.kr/zf_user/jobs/list/job-category?cat_kewd=87&loc_mcd=101000&page=1&sort=RD&count=100
2025-11-28 20:50:55.298  INFO 23872 --- [    Test worker] c.example.demo.service.JobListsService   : >>>마지막 공고 구루넷 등록일자 1일 전 등록
2025-11-28 20:50:55.299  INFO 23872 --- [    Test worker] c.example.demo.service.JobListsService   : >> 24시간 이전 공고 없음
2025-11-28 20:50:55.299  INFO 23872 --- [    Test worker] c.example.demo.service.JobListsService   : job code: WEB_MASTER
2025-11-28 20:50:55.557  INFO 23872 --- [    Test worker] c.example.demo.service.JobListsService   : url: https://www.saramin.co.kr/zf_user/jobs/list/job-category?cat_kewd=88&loc_mcd=101000&page=1&sort=RD&count=100
2025-11-28 20:50:55.559  INFO 23872 --- [    Test worker] c.example.demo.service.JobListsService   : >>>마지막 공고 (주)제이캐스팅 등록일자 1일 전 등록
2025-11-28 20:50:55.559  INFO 23872 --- [    Test worker] c.example.demo.service.JobListsService   : >> 24시간 이전 공고 없음
2025-11-28 20:50:55.559  INFO 23872 --- [    Test worker] c.example.demo.service.JobListsService   : job code: MAINTENANCE
2025-11-28 20:50:55.876  INFO 23872 --- [    Test worker] c.example.demo.service.JobListsService   : url: https://www.saramin.co.kr/zf_user/jobs/list/job-category?cat_kewd=89&loc_mcd=101000&page=1&sort=RD&count=100
2025-11-28 20:50:55.880  INFO 23872 --- [    Test worker] c.example.demo.service.JobListsService   : >>>마지막 공고 (주)헤아림소프텍 등록일자 1일 전 등록
2025-11-28 20:50:55.880  INFO 23872 --- [    Test worker] c.example.demo.service.JobListsService   : >> 24시간 이전 공고 없음
2025-11-28 20:50:55.880  INFO 23872 --- [    Test worker] c.example.demo.service.JobListsService   : job code: INFO_SECURITY
2025-11-28 20:50:56.221  INFO 23872 --- [    Test worker] c.example.demo.service.JobListsService   : url: https://www.saramin.co.kr/zf_user/jobs/list/job-category?cat_kewd=90&loc_mcd=101000&page=1&sort=RD&count=100
2025-11-28 20:50:56.224  INFO 23872 --- [    Test worker] c.example.demo.service.JobListsService   : >>>마지막 공고 (주)오늘의집페이 등록일자 1일 전 등록
2025-11-28 20:50:56.224  INFO 23872 --- [    Test worker] c.example.demo.service.JobListsService   : >> 24시간 이전 공고 없음
2025-11-28 20:50:56.224  INFO 23872 --- [    Test worker] c.example.demo.service.JobListsService   : job code: PUBLISHER
2025-11-28 20:50:56.519  INFO 23872 --- [    Test worker] c.example.demo.service.JobListsService   : url: https://www.saramin.co.kr/zf_user/jobs/list/job-category?cat_kewd=91&loc_mcd=101000&page=1&sort=RD&count=100
2025-11-28 20:50:56.522  INFO 23872 --- [    Test worker] c.example.demo.service.JobListsService   : >>>마지막 공고 (주)맑음 등록일자 1일 전 등록
2025-11-28 20:50:56.522  INFO 23872 --- [    Test worker] c.example.demo.service.JobListsService   : >> 24시간 이전 공고 없음
2025-11-28 20:50:56.522  INFO 23872 --- [    Test worker] c.example.demo.service.JobListsService   : job code: FRONTEND
2025-11-28 20:50:56.793  INFO 23872 --- [    Test worker] c.example.demo.service.JobListsService   : url: https://www.saramin.co.kr/zf_user/jobs/list/job-category?cat_kewd=92&loc_mcd=101000&page=1&sort=RD&count=100
2025-11-28 20:50:56.796  INFO 23872 --- [    Test worker] c.example.demo.service.JobListsService   : >>>마지막 공고 앵글컴퍼니(주) 등록일자 1일 전 등록
2025-11-28 20:50:56.796  INFO 23872 --- [    Test worker] c.example.demo.service.JobListsService   : >> 24시간 이전 공고 없음
2025-11-28 20:50:56.796  INFO 23872 --- [    Test worker] c.example.demo.service.JobListsService   : job code: BI_ENGINEER
2025-11-28 20:50:57.128  INFO 23872 --- [    Test worker] c.example.demo.service.JobListsService   : url: https://www.saramin.co.kr/zf_user/jobs/list/job-category?cat_kewd=2246&loc_mcd=101000&page=1&sort=RD&count=100
2025-11-28 20:50:57.131  INFO 23872 --- [    Test worker] c.example.demo.service.JobListsService   : >>>마지막 공고 굿커리어 등록일자 1일 전 등록
2025-11-28 20:50:57.131  INFO 23872 --- [    Test worker] c.example.demo.service.JobListsService   : >> 24시간 이전 공고 없음
2025-11-28 20:50:57.131  INFO 23872 --- [    Test worker] c.example.demo.service.JobListsService   : job code: CISO
2025-11-28 20:50:57.435  INFO 23872 --- [    Test worker] c.example.demo.service.JobListsService   : url: https://www.saramin.co.kr/zf_user/jobs/list/job-category?cat_kewd=93&loc_mcd=101000&page=1&sort=RD&count=100
2025-11-28 20:50:57.437  INFO 23872 --- [    Test worker] c.example.demo.service.JobListsService   : >>>마지막 공고 (주)수산아이앤티 등록일자 1일 전 등록
2025-11-28 20:50:57.437  INFO 23872 --- [    Test worker] c.example.demo.service.JobListsService   : >> 24시간 이전 공고 없음
2025-11-28 20:50:57.438  INFO 23872 --- [    Test worker] c.example.demo.service.JobListsService   : job code: CPO
2025-11-28 20:50:57.671  INFO 23872 --- [    Test worker] c.example.demo.service.JobListsService   : url: https://www.saramin.co.kr/zf_user/jobs/list/job-category?cat_kewd=94&loc_mcd=101000&page=1&sort=RD&count=100
2025-11-28 20:50:57.672  INFO 23872 --- [    Test worker] c.example.demo.service.JobListsService   : >>>마지막 공고 (주)수산아이앤티 등록일자 1일 전 등록
2025-11-28 20:50:57.672  INFO 23872 --- [    Test worker] c.example.demo.service.JobListsService   : >> 24시간 이전 공고 없음
2025-11-28 20:50:57.672  INFO 23872 --- [    Test worker] c.example.demo.service.JobListsService   : job code: DBA
2025-11-28 20:50:57.971  INFO 23872 --- [    Test worker] c.example.demo.service.JobListsService   : url: https://www.saramin.co.kr/zf_user/jobs/list/job-category?cat_kewd=95&loc_mcd=101000&page=1&sort=RD&count=100
2025-11-28 20:50:57.972  INFO 23872 --- [    Test worker] c.example.demo.service.JobListsService   : >>>마지막 공고 (주)핀커스코리아 등록일자 1일 전 등록
2025-11-28 20:50:57.972  INFO 23872 --- [    Test worker] c.example.demo.service.JobListsService   : >> 24시간 이전 공고 없음
2025-11-28 20:50:57.972  INFO 23872 --- [    Test worker] c.example.demo.service.JobListsService   : job code: FAE
2025-11-28 20:50:58.230  INFO 23872 --- [    Test worker] c.example.demo.service.JobListsService   : url: https://www.saramin.co.kr/zf_user/jobs/list/job-category?cat_kewd=96&loc_mcd=101000&page=1&sort=RD&count=100
2025-11-28 20:50:58.231  INFO 23872 --- [    Test worker] c.example.demo.service.JobListsService   : >>>마지막 공고 굿커리어 등록일자 1일 전 등록
2025-11-28 20:50:58.231  INFO 23872 --- [    Test worker] c.example.demo.service.JobListsService   : >> 24시간 이전 공고 없음
2025-11-28 20:50:58.231  INFO 23872 --- [    Test worker] c.example.demo.service.JobListsService   : job code: GM
2025-11-28 20:50:58.557  INFO 23872 --- [    Test worker] c.example.demo.service.JobListsService   : url: https://www.saramin.co.kr/zf_user/jobs/list/job-category?cat_kewd=97&loc_mcd=101000&page=1&sort=RD&count=100
2025-11-28 20:50:58.559  INFO 23872 --- [    Test worker] c.example.demo.service.JobListsService   : >>>마지막 공고 (주)미투온 등록일자 1일 전 등록
2025-11-28 20:50:58.559  INFO 23872 --- [    Test worker] c.example.demo.service.JobListsService   : >> 24시간 이전 공고 없음
2025-11-28 20:50:58.559  INFO 23872 --- [    Test worker] c.example.demo.service.JobListsService   : job code: ICT_CONSULTING
2025-11-28 20:50:58.862  INFO 23872 --- [    Test worker] c.example.demo.service.JobListsService   : url: https://www.saramin.co.kr/zf_user/jobs/list/job-category?cat_kewd=102&loc_mcd=101000&page=1&sort=RD&count=100
2025-11-28 20:50:58.864  INFO 23872 --- [    Test worker] c.example.demo.service.JobListsService   : >>>마지막 공고 구루넷 등록일자 1일 전 등록
2025-11-28 20:50:58.864  INFO 23872 --- [    Test worker] c.example.demo.service.JobListsService   : >> 24시간 이전 공고 없음
2025-11-28 20:50:58.865  INFO 23872 --- [    Test worker] c.example.demo.service.JobListsService   : job code: IT_CONSULTING
2025-11-28 20:50:59.269  INFO 23872 --- [    Test worker] c.example.demo.service.JobListsService   : url: https://www.saramin.co.kr/zf_user/jobs/list/job-category?cat_kewd=98&loc_mcd=101000&page=1&sort=RD&count=100
2025-11-28 20:50:59.273  INFO 23872 --- [    Test worker] c.example.demo.service.JobListsService   : >>>마지막 공고 구루넷 등록일자 1일 전 등록
2025-11-28 20:50:59.273  INFO 23872 --- [    Test worker] c.example.demo.service.JobListsService   : >> 24시간 이전 공고 없음
2025-11-28 20:50:59.273  INFO 23872 --- [    Test worker] c.example.demo.service.JobListsService   : job code: QA_TESTER
2025-11-28 20:50:59.591  INFO 23872 --- [    Test worker] c.example.demo.service.JobListsService   : url: https://www.saramin.co.kr/zf_user/jobs/list/job-category?cat_kewd=99&loc_mcd=101000&page=1&sort=RD&count=100
2025-11-28 20:50:59.593  INFO 23872 --- [    Test worker] c.example.demo.service.JobListsService   : >>>마지막 공고 퍼솔코리아(유) 등록일자 1일 전 등록
2025-11-28 20:50:59.593  INFO 23872 --- [    Test worker] c.example.demo.service.JobListsService   : >> 24시간 이전 공고 없음
2025-11-28 20:50:59.593  INFO 23872 --- [    Test worker] c.example.demo.service.JobListsService   : job code: SYSTEM_ENGINEER
2025-11-28 20:50:59.947  INFO 23872 --- [    Test worker] c.example.demo.service.JobListsService   : url: https://www.saramin.co.kr/zf_user/jobs/list/job-category?cat_kewd=100&loc_mcd=101000&page=1&sort=RD&count=100
2025-11-28 20:51:00.220  INFO 23872 --- [    Test worker] c.example.demo.service.JobListsService   : url: https://www.saramin.co.kr/zf_user/jobs/list/job-category?cat_kewd=100&loc_mcd=101000&page=2&sort=RD&count=100
2025-11-28 20:51:00.222  INFO 23872 --- [    Test worker] c.example.demo.service.JobListsService   : >>>마지막 공고 (주)메이븐앤컴퍼니 등록일자 1일 전 등록
2025-11-28 20:51:00.222  INFO 23872 --- [    Test worker] c.example.demo.service.JobListsService   : >> 24시간 이전 공고 없음
2025-11-28 20:51:00.222  INFO 23872 --- [    Test worker] c.example.demo.service.JobListsService   : job code: SI_DEVELOPER
2025-11-28 20:51:00.564  INFO 23872 --- [    Test worker] c.example.demo.service.JobListsService   : url: https://www.saramin.co.kr/zf_user/jobs/list/job-category?cat_kewd=101&loc_mcd=101000&page=1&sort=RD&count=100
2025-11-28 20:51:00.568  INFO 23872 --- [    Test worker] c.example.demo.service.JobListsService   : >>>마지막 공고 (주)제이캐스팅 등록일자 1일 전 등록
2025-11-28 20:51:00.568  INFO 23872 --- [    Test worker] c.example.demo.service.JobListsService   : >> 24시간 이전 공고 없음
2025-11-28 20:51:00.568  INFO 23872 --- [    Test worker] c.example.demo.service.JobListsService   : job code: SQA
2025-11-28 20:51:00.930  INFO 23872 --- [    Test worker] c.example.demo.service.JobListsService   : url: https://www.saramin.co.kr/zf_user/jobs/list/job-category?cat_kewd=2229&loc_mcd=101000&page=1&sort=RD&count=100
2025-11-28 20:51:00.932  INFO 23872 --- [    Test worker] c.example.demo.service.JobListsService   : >>>마지막 공고 (주)제이캐스팅 등록일자 1일 전 등록
2025-11-28 20:51:00.932  INFO 23872 --- [    Test worker] c.example.demo.service.JobListsService   : >> 24시간 이전 공고 없음
Hibernate: insert into joblists (company, detail_link, end_date, job_code, location, title) values (?, ?, ?, ?, ?, ?)
Hibernate: insert into joblists (company, detail_link, end_date, job_code, location, title) values (?, ?, ?, ?, ?, ?)
Hibernate: insert into joblists (company, detail_link, end_date, job_code, location, title) values (?, ?, ?, ?, ?, ?)
Hibernate: insert into joblists (company, detail_link, end_date, job_code, location, title) values (?, ?, ?, ?, ?, ?)
Hibernate: insert into joblists (company, detail_link, end_date, job_code, location, title) values (?, ?, ?, ?, ?, ?)
Hibernate: insert into joblists (company, detail_link, end_date, job_code, location, title) values (?, ?, ?, ?, ?, ?)
Hibernate: insert into joblists (company, detail_link, end_date, job_code, location, title) values (?, ?, ?, ?, ?, ?)
Hibernate: insert into joblists (company, detail_link, end_date, job_code, location, title) values (?, ?, ?, ?, ?, ?)
Hibernate: insert into joblists (company, detail_link, end_date, job_code, location, title) values (?, ?, ?, ?, ?, ?)
Hibernate: insert into joblists (company, detail_link, end_date, job_code, location, title) values (?, ?, ?, ?, ?, ?)
Hibernate: insert into joblists (company, detail_link, end_date, job_code, location, title) values (?, ?, ?, ?, ?, ?)
Hibernate: insert into joblists (company, detail_link, end_date, job_code, location, title) values (?, ?, ?, ?, ?, ?)
Hibernate: insert into joblists (company, detail_link, end_date, job_code, location, title) values (?, ?, ?, ?, ?, ?)
Hibernate: insert into joblists (company, detail_link, end_date, job_code, location, title) values (?, ?, ?, ?, ?, ?)
Hibernate: insert into joblists (company, detail_link, end_date, job_code, location, title) values (?, ?, ?, ?, ?, ?)
Hibernate: insert into joblists (company, detail_link, end_date, job_code, location, title) values (?, ?, ?, ?, ?, ?)
Hibernate: insert into joblists (company, detail_link, end_date, job_code, location, title) values (?, ?, ?, ?, ?, ?)
Hibernate: insert into joblists (company, detail_link, end_date, job_code, location, title) values (?, ?, ?, ?, ?, ?)
Hibernate: insert into joblists (company, detail_link, end_date, job_code, location, title) values (?, ?, ?, ?, ?, ?)
Hibernate: insert into joblists (company, detail_link, end_date, job_code, location, title) values (?, ?, ?, ?, ?, ?)
Hibernate: insert into joblists (company, detail_link, end_date, job_code, location, title) values (?, ?, ?, ?, ?, ?)
Hibernate: insert into joblists (company, detail_link, end_date, job_code, location, title) values (?, ?, ?, ?, ?, ?)
Hibernate: insert into joblists (company, detail_link, end_date, job_code, location, title) values (?, ?, ?, ?, ?, ?)
Hibernate: insert into joblists (company, detail_link, end_date, job_code, location, title) values (?, ?, ?, ?, ?, ?)
Hibernate: insert into joblists (company, detail_link, end_date, job_code, location, title) values (?, ?, ?, ?, ?, ?)
Hibernate: insert into joblists (company, detail_link, end_date, job_code, location, title) values (?, ?, ?, ?, ?, ?)
Hibernate: insert into joblists (company, detail_link, end_date, job_code, location, title) values (?, ?, ?, ?, ?, ?)
Hibernate: insert into joblists (company, detail_link, end_date, job_code, location, title) values (?, ?, ?, ?, ?, ?)
Hibernate: insert into joblists (company, detail_link, end_date, job_code, location, title) values (?, ?, ?, ?, ?, ?)
Hibernate: insert into joblists (company, detail_link, end_date, job_code, location, title) values (?, ?, ?, ?, ?, ?)
Hibernate: insert into joblists (company, detail_link, end_date, job_code, location, title) values (?, ?, ?, ?, ?, ?)
Hibernate: insert into joblists (company, detail_link, end_date, job_code, location, title) values (?, ?, ?, ?, ?, ?)
Hibernate: insert into joblists (company, detail_link, end_date, job_code, location, title) values (?, ?, ?, ?, ?, ?)
Hibernate: insert into joblists (company, detail_link, end_date, job_code, location, title) values (?, ?, ?, ?, ?, ?)
Hibernate: insert into joblists (company, detail_link, end_date, job_code, location, title) values (?, ?, ?, ?, ?, ?)
Hibernate: insert into joblists (company, detail_link, end_date, job_code, location, title) values (?, ?, ?, ?, ?, ?)
Hibernate: insert into joblists (company, detail_link, end_date, job_code, location, title) values (?, ?, ?, ?, ?, ?)
Hibernate: insert into joblists (company, detail_link, end_date, job_code, location, title) values (?, ?, ?, ?, ?, ?)
Hibernate: insert into joblists (company, detail_link, end_date, job_code, location, title) values (?, ?, ?, ?, ?, ?)
Hibernate: insert into joblists (company, detail_link, end_date, job_code, location, title) values (?, ?, ?, ?, ?, ?)
Hibernate: insert into joblists (company, detail_link, end_date, job_code, location, title) values (?, ?, ?, ?, ?, ?)
Hibernate: insert into joblists (company, detail_link, end_date, job_code, location, title) values (?, ?, ?, ?, ?, ?)
Hibernate: insert into joblists (company, detail_link, end_date, job_code, location, title) values (?, ?, ?, ?, ?, ?)
Hibernate: insert into joblists (company, detail_link, end_date, job_code, location, title) values (?, ?, ?, ?, ?, ?)
Hibernate: insert into joblists (company, detail_link, end_date, job_code, location, title) values (?, ?, ?, ?, ?, ?)
Hibernate: insert into joblists (company, detail_link, end_date, job_code, location, title) values (?, ?, ?, ?, ?, ?)
Hibernate: insert into joblists (company, detail_link, end_date, job_code, location, title) values (?, ?, ?, ?, ?, ?)
Hibernate: insert into joblists (company, detail_link, end_date, job_code, location, title) values (?, ?, ?, ?, ?, ?)
Hibernate: insert into joblists (company, detail_link, end_date, job_code, location, title) values (?, ?, ?, ?, ?, ?)
Hibernate: insert into joblists (company, detail_link, end_date, job_code, location, title) values (?, ?, ?, ?, ?, ?)
Hibernate: insert into joblists (company, detail_link, end_date, job_code, location, title) values (?, ?, ?, ?, ?, ?)
Hibernate: insert into joblists (company, detail_link, end_date, job_code, location, title) values (?, ?, ?, ?, ?, ?)
Hibernate: insert into joblists (company, detail_link, end_date, job_code, location, title) values (?, ?, ?, ?, ?, ?)
Hibernate: insert into joblists (company, detail_link, end_date, job_code, location, title) values (?, ?, ?, ?, ?, ?)
Hibernate: insert into joblists (company, detail_link, end_date, job_code, location, title) values (?, ?, ?, ?, ?, ?)
Hibernate: insert into joblists (company, detail_link, end_date, job_code, location, title) values (?, ?, ?, ?, ?, ?)
Hibernate: insert into joblists (company, detail_link, end_date, job_code, location, title) values (?, ?, ?, ?, ?, ?)
Hibernate: insert into joblists (company, detail_link, end_date, job_code, location, title) values (?, ?, ?, ?, ?, ?)
Hibernate: insert into joblists (company, detail_link, end_date, job_code, location, title) values (?, ?, ?, ?, ?, ?)
Hibernate: insert into joblists (company, detail_link, end_date, job_code, location, title) values (?, ?, ?, ?, ?, ?)
Hibernate: insert into joblists (company, detail_link, end_date, job_code, location, title) values (?, ?, ?, ?, ?, ?)
Hibernate: insert into joblists (company, detail_link, end_date, job_code, location, title) values (?, ?, ?, ?, ?, ?)
Hibernate: insert into joblists (company, detail_link, end_date, job_code, location, title) values (?, ?, ?, ?, ?, ?)
Hibernate: insert into joblists (company, detail_link, end_date, job_code, location, title) values (?, ?, ?, ?, ?, ?)
Hibernate: insert into joblists (company, detail_link, end_date, job_code, location, title) values (?, ?, ?, ?, ?, ?)
Hibernate: insert into joblists (company, detail_link, end_date, job_code, location, title) values (?, ?, ?, ?, ?, ?)
Hibernate: insert into joblists (company, detail_link, end_date, job_code, location, title) values (?, ?, ?, ?, ?, ?)
Hibernate: insert into joblists (company, detail_link, end_date, job_code, location, title) values (?, ?, ?, ?, ?, ?)
Hibernate: insert into joblists (company, detail_link, end_date, job_code, location, title) values (?, ?, ?, ?, ?, ?)
Hibernate: insert into joblists (company, detail_link, end_date, job_code, location, title) values (?, ?, ?, ?, ?, ?)
Hibernate: insert into joblists (company, detail_link, end_date, job_code, location, title) values (?, ?, ?, ?, ?, ?)
Hibernate: insert into joblists (company, detail_link, end_date, job_code, location, title) values (?, ?, ?, ?, ?, ?)
Hibernate: insert into joblists (company, detail_link, end_date, job_code, location, title) values (?, ?, ?, ?, ?, ?)
Hibernate: insert into joblists (company, detail_link, end_date, job_code, location, title) values (?, ?, ?, ?, ?, ?)
Hibernate: insert into joblists (company, detail_link, end_date, job_code, location, title) values (?, ?, ?, ?, ?, ?)
Hibernate: insert into joblists (company, detail_link, end_date, job_code, location, title) values (?, ?, ?, ?, ?, ?)
Hibernate: insert into joblists (company, detail_link, end_date, job_code, location, title) values (?, ?, ?, ?, ?, ?)
Hibernate: insert into joblists (company, detail_link, end_date, job_code, location, title) values (?, ?, ?, ?, ?, ?)
Hibernate: insert into joblists (company, detail_link, end_date, job_code, location, title) values (?, ?, ?, ?, ?, ?)
Hibernate: insert into joblists (company, detail_link, end_date, job_code, location, title) values (?, ?, ?, ?, ?, ?)
Hibernate: insert into joblists (company, detail_link, end_date, job_code, location, title) values (?, ?, ?, ?, ?, ?)
Hibernate: insert into joblists (company, detail_link, end_date, job_code, location, title) values (?, ?, ?, ?, ?, ?)
Hibernate: insert into joblists (company, detail_link, end_date, job_code, location, title) values (?, ?, ?, ?, ?, ?)
Hibernate: insert into joblists (company, detail_link, end_date, job_code, location, title) values (?, ?, ?, ?, ?, ?)
Hibernate: insert into joblists (company, detail_link, end_date, job_code, location, title) values (?, ?, ?, ?, ?, ?)
Hibernate: insert into joblists (company, detail_link, end_date, job_code, location, title) values (?, ?, ?, ?, ?, ?)
Hibernate: insert into joblists (company, detail_link, end_date, job_code, location, title) values (?, ?, ?, ?, ?, ?)
Hibernate: insert into joblists (company, detail_link, end_date, job_code, location, title) values (?, ?, ?, ?, ?, ?)
Hibernate: insert into joblists (company, detail_link, end_date, job_code, location, title) values (?, ?, ?, ?, ?, ?)
Hibernate: insert into joblists (company, detail_link, end_date, job_code, location, title) values (?, ?, ?, ?, ?, ?)
Hibernate: insert into joblists (company, detail_link, end_date, job_code, location, title) values (?, ?, ?, ?, ?, ?)
Hibernate: insert into joblists (company, detail_link, end_date, job_code, location, title) values (?, ?, ?, ?, ?, ?)
Hibernate: insert into joblists (company, detail_link, end_date, job_code, location, title) values (?, ?, ?, ?, ?, ?)
Hibernate: insert into joblists (company, detail_link, end_date, job_code, location, title) values (?, ?, ?, ?, ?, ?)
Hibernate: insert into joblists (company, detail_link, end_date, job_code, location, title) values (?, ?, ?, ?, ?, ?)
Hibernate: insert into joblists (company, detail_link, end_date, job_code, location, title) values (?, ?, ?, ?, ?, ?)
Hibernate: insert into joblists (company, detail_link, end_date, job_code, location, title) values (?, ?, ?, ?, ?, ?)
Hibernate: insert into joblists (company, detail_link, end_date, job_code, location, title) values (?, ?, ?, ?, ?, ?)
Hibernate: insert into joblists (company, detail_link, end_date, job_code, location, title) values (?, ?, ?, ?, ?, ?)
Hibernate: insert into joblists (company, detail_link, end_date, job_code, location, title) values (?, ?, ?, ?, ?, ?)
Hibernate: insert into joblists (company, detail_link, end_date, job_code, location, title) values (?, ?, ?, ?, ?, ?)
Hibernate: insert into joblists (company, detail_link, end_date, job_code, location, title) values (?, ?, ?, ?, ?, ?)
Hibernate: insert into joblists (company, detail_link, end_date, job_code, location, title) values (?, ?, ?, ?, ?, ?)
Hibernate: insert into joblists (company, detail_link, end_date, job_code, location, title) values (?, ?, ?, ?, ?, ?)
Hibernate: insert into joblists (company, detail_link, end_date, job_code, location, title) values (?, ?, ?, ?, ?, ?)
Hibernate: insert into joblists (company, detail_link, end_date, job_code, location, title) values (?, ?, ?, ?, ?, ?)
Hibernate: insert into joblists (company, detail_link, end_date, job_code, location, title) values (?, ?, ?, ?, ?, ?)
Hibernate: insert into joblists (company, detail_link, end_date, job_code, location, title) values (?, ?, ?, ?, ?, ?)
Hibernate: insert into joblists (company, detail_link, end_date, job_code, location, title) values (?, ?, ?, ?, ?, ?)
Hibernate: insert into joblists (company, detail_link, end_date, job_code, location, title) values (?, ?, ?, ?, ?, ?)
Hibernate: insert into joblists (company, detail_link, end_date, job_code, location, title) values (?, ?, ?, ?, ?, ?)
Hibernate: insert into joblists (company, detail_link, end_date, job_code, location, title) values (?, ?, ?, ?, ?, ?)
Hibernate: insert into joblists (company, detail_link, end_date, job_code, location, title) values (?, ?, ?, ?, ?, ?)
Hibernate: insert into joblists (company, detail_link, end_date, job_code, location, title) values (?, ?, ?, ?, ?, ?)
Hibernate: insert into joblists (company, detail_link, end_date, job_code, location, title) values (?, ?, ?, ?, ?, ?)
Hibernate: insert into joblists (company, detail_link, end_date, job_code, location, title) values (?, ?, ?, ?, ?, ?)
Hibernate: insert into joblists (company, detail_link, end_date, job_code, location, title) values (?, ?, ?, ?, ?, ?)
Hibernate: insert into joblists (company, detail_link, end_date, job_code, location, title) values (?, ?, ?, ?, ?, ?)
Hibernate: insert into joblists (company, detail_link, end_date, job_code, location, title) values (?, ?, ?, ?, ?, ?)
Hibernate: insert into joblists (company, detail_link, end_date, job_code, location, title) values (?, ?, ?, ?, ?, ?)
Hibernate: insert into joblists (company, detail_link, end_date, job_code, location, title) values (?, ?, ?, ?, ?, ?)
Hibernate: insert into joblists (company, detail_link, end_date, job_code, location, title) values (?, ?, ?, ?, ?, ?)
Hibernate: insert into joblists (company, detail_link, end_date, job_code, location, title) values (?, ?, ?, ?, ?, ?)
Hibernate: insert into joblists (company, detail_link, end_date, job_code, location, title) values (?, ?, ?, ?, ?, ?)
Hibernate: insert into joblists (company, detail_link, end_date, job_code, location, title) values (?, ?, ?, ?, ?, ?)
Hibernate: insert into joblists (company, detail_link, end_date, job_code, location, title) values (?, ?, ?, ?, ?, ?)
Hibernate: insert into joblists (company, detail_link, end_date, job_code, location, title) values (?, ?, ?, ?, ?, ?)
Hibernate: insert into joblists (company, detail_link, end_date, job_code, location, title) values (?, ?, ?, ?, ?, ?)
Hibernate: insert into joblists (company, detail_link, end_date, job_code, location, title) values (?, ?, ?, ?, ?, ?)
Hibernate: insert into joblists (company, detail_link, end_date, job_code, location, title) values (?, ?, ?, ?, ?, ?)
Hibernate: insert into joblists (company, detail_link, end_date, job_code, location, title) values (?, ?, ?, ?, ?, ?)
Hibernate: insert into joblists (company, detail_link, end_date, job_code, location, title) values (?, ?, ?, ?, ?, ?)
Hibernate: insert into joblists (company, detail_link, end_date, job_code, location, title) values (?, ?, ?, ?, ?, ?)
Hibernate: insert into joblists (company, detail_link, end_date, job_code, location, title) values (?, ?, ?, ?, ?, ?)
Hibernate: insert into joblists (company, detail_link, end_date, job_code, location, title) values (?, ?, ?, ?, ?, ?)
Hibernate: insert into joblists (company, detail_link, end_date, job_code, location, title) values (?, ?, ?, ?, ?, ?)
Hibernate: insert into joblists (company, detail_link, end_date, job_code, location, title) values (?, ?, ?, ?, ?, ?)
Hibernate: insert into joblists (company, detail_link, end_date, job_code, location, title) values (?, ?, ?, ?, ?, ?)
Hibernate: insert into joblists (company, detail_link, end_date, job_code, location, title) values (?, ?, ?, ?, ?, ?)
Hibernate: insert into joblists (company, detail_link, end_date, job_code, location, title) values (?, ?, ?, ?, ?, ?)
Hibernate: insert into joblists (company, detail_link, end_date, job_code, location, title) values (?, ?, ?, ?, ?, ?)
Hibernate: insert into joblists (company, detail_link, end_date, job_code, location, title) values (?, ?, ?, ?, ?, ?)
Hibernate: insert into joblists (company, detail_link, end_date, job_code, location, title) values (?, ?, ?, ?, ?, ?)
Hibernate: insert into joblists (company, detail_link, end_date, job_code, location, title) values (?, ?, ?, ?, ?, ?)
Hibernate: insert into joblists (company, detail_link, end_date, job_code, location, title) values (?, ?, ?, ?, ?, ?)
Hibernate: insert into joblists (company, detail_link, end_date, job_code, location, title) values (?, ?, ?, ?, ?, ?)
Hibernate: insert into joblists (company, detail_link, end_date, job_code, location, title) values (?, ?, ?, ?, ?, ?)
Hibernate: insert into joblists (company, detail_link, end_date, job_code, location, title) values (?, ?, ?, ?, ?, ?)
Hibernate: insert into joblists (company, detail_link, end_date, job_code, location, title) values (?, ?, ?, ?, ?, ?)
Hibernate: insert into joblists (company, detail_link, end_date, job_code, location, title) values (?, ?, ?, ?, ?, ?)
Hibernate: insert into joblists (company, detail_link, end_date, job_code, location, title) values (?, ?, ?, ?, ?, ?)
Hibernate: insert into joblists (company, detail_link, end_date, job_code, location, title) values (?, ?, ?, ?, ?, ?)
Hibernate: insert into joblists (company, detail_link, end_date, job_code, location, title) values (?, ?, ?, ?, ?, ?)
Hibernate: insert into joblists (company, detail_link, end_date, job_code, location, title) values (?, ?, ?, ?, ?, ?)
Hibernate: insert into joblists (company, detail_link, end_date, job_code, location, title) values (?, ?, ?, ?, ?, ?)
Hibernate: insert into joblists (company, detail_link, end_date, job_code, location, title) values (?, ?, ?, ?, ?, ?)
Hibernate: insert into joblists (company, detail_link, end_date, job_code, location, title) values (?, ?, ?, ?, ?, ?)
Hibernate: insert into joblists (company, detail_link, end_date, job_code, location, title) values (?, ?, ?, ?, ?, ?)
Hibernate: insert into joblists (company, detail_link, end_date, job_code, location, title) values (?, ?, ?, ?, ?, ?)
Hibernate: insert into joblists (company, detail_link, end_date, job_code, location, title) values (?, ?, ?, ?, ?, ?)
Hibernate: insert into joblists (company, detail_link, end_date, job_code, location, title) values (?, ?, ?, ?, ?, ?)
Hibernate: insert into joblists (company, detail_link, end_date, job_code, location, title) values (?, ?, ?, ?, ?, ?)
Hibernate: insert into joblists (company, detail_link, end_date, job_code, location, title) values (?, ?, ?, ?, ?, ?)
Hibernate: insert into joblists (company, detail_link, end_date, job_code, location, title) values (?, ?, ?, ?, ?, ?)
Hibernate: insert into joblists (company, detail_link, end_date, job_code, location, title) values (?, ?, ?, ?, ?, ?)
Hibernate: insert into joblists (company, detail_link, end_date, job_code, location, title) values (?, ?, ?, ?, ?, ?)
Hibernate: insert into joblists (company, detail_link, end_date, job_code, location, title) values (?, ?, ?, ?, ?, ?)
Hibernate: insert into joblists (company, detail_link, end_date, job_code, location, title) values (?, ?, ?, ?, ?, ?)
Hibernate: insert into joblists (company, detail_link, end_date, job_code, location, title) values (?, ?, ?, ?, ?, ?)
Hibernate: insert into joblists (company, detail_link, end_date, job_code, location, title) values (?, ?, ?, ?, ?, ?)
Hibernate: insert into joblists (company, detail_link, end_date, job_code, location, title) values (?, ?, ?, ?, ?, ?)
Hibernate: insert into joblists (company, detail_link, end_date, job_code, location, title) values (?, ?, ?, ?, ?, ?)
Hibernate: insert into joblists (company, detail_link, end_date, job_code, location, title) values (?, ?, ?, ?, ?, ?)
Hibernate: insert into joblists (company, detail_link, end_date, job_code, location, title) values (?, ?, ?, ?, ?, ?)
Hibernate: insert into joblists (company, detail_link, end_date, job_code, location, title) values (?, ?, ?, ?, ?, ?)
Hibernate: insert into joblists (company, detail_link, end_date, job_code, location, title) values (?, ?, ?, ?, ?, ?)
Hibernate: insert into joblists (company, detail_link, end_date, job_code, location, title) values (?, ?, ?, ?, ?, ?)
Hibernate: insert into joblists (company, detail_link, end_date, job_code, location, title) values (?, ?, ?, ?, ?, ?)
Hibernate: insert into joblists (company, detail_link, end_date, job_code, location, title) values (?, ?, ?, ?, ?, ?)
Hibernate: insert into joblists (company, detail_link, end_date, job_code, location, title) values (?, ?, ?, ?, ?, ?)
Hibernate: insert into joblists (company, detail_link, end_date, job_code, location, title) values (?, ?, ?, ?, ?, ?)
Hibernate: insert into joblists (company, detail_link, end_date, job_code, location, title) values (?, ?, ?, ?, ?, ?)
Hibernate: insert into joblists (company, detail_link, end_date, job_code, location, title) values (?, ?, ?, ?, ?, ?)
Hibernate: insert into joblists (company, detail_link, end_date, job_code, location, title) values (?, ?, ?, ?, ?, ?)
Hibernate: insert into joblists (company, detail_link, end_date, job_code, location, title) values (?, ?, ?, ?, ?, ?)
Hibernate: insert into joblists (company, detail_link, end_date, job_code, location, title) values (?, ?, ?, ?, ?, ?)
Hibernate: insert into joblists (company, detail_link, end_date, job_code, location, title) values (?, ?, ?, ?, ?, ?)
Hibernate: insert into joblists (company, detail_link, end_date, job_code, location, title) values (?, ?, ?, ?, ?, ?)
Hibernate: insert into joblists (company, detail_link, end_date, job_code, location, title) values (?, ?, ?, ?, ?, ?)
Hibernate: insert into joblists (company, detail_link, end_date, job_code, location, title) values (?, ?, ?, ?, ?, ?)
Hibernate: insert into joblists (company, detail_link, end_date, job_code, location, title) values (?, ?, ?, ?, ?, ?)
Hibernate: insert into joblists (company, detail_link, end_date, job_code, location, title) values (?, ?, ?, ?, ?, ?)
Hibernate: insert into joblists (company, detail_link, end_date, job_code, location, title) values (?, ?, ?, ?, ?, ?)
Hibernate: insert into joblists (company, detail_link, end_date, job_code, location, title) values (?, ?, ?, ?, ?, ?)
Hibernate: insert into joblists (company, detail_link, end_date, job_code, location, title) values (?, ?, ?, ?, ?, ?)
Hibernate: insert into joblists (company, detail_link, end_date, job_code, location, title) values (?, ?, ?, ?, ?, ?)
Hibernate: insert into joblists (company, detail_link, end_date, job_code, location, title) values (?, ?, ?, ?, ?, ?)
Hibernate: insert into joblists (company, detail_link, end_date, job_code, location, title) values (?, ?, ?, ?, ?, ?)
Hibernate: insert into joblists (company, detail_link, end_date, job_code, location, title) values (?, ?, ?, ?, ?, ?)
Hibernate: insert into joblists (company, detail_link, end_date, job_code, location, title) values (?, ?, ?, ?, ?, ?)
Hibernate: insert into joblists (company, detail_link, end_date, job_code, location, title) values (?, ?, ?, ?, ?, ?)
Hibernate: insert into joblists (company, detail_link, end_date, job_code, location, title) values (?, ?, ?, ?, ?, ?)
Hibernate: insert into joblists (company, detail_link, end_date, job_code, location, title) values (?, ?, ?, ?, ?, ?)
Hibernate: insert into joblists (company, detail_link, end_date, job_code, location, title) values (?, ?, ?, ?, ?, ?)
Hibernate: insert into joblists (company, detail_link, end_date, job_code, location, title) values (?, ?, ?, ?, ?, ?)
Hibernate: insert into joblists (company, detail_link, end_date, job_code, location, title) values (?, ?, ?, ?, ?, ?)
Hibernate: insert into joblists (company, detail_link, end_date, job_code, location, title) values (?, ?, ?, ?, ?, ?)
Hibernate: insert into joblists (company, detail_link, end_date, job_code, location, title) values (?, ?, ?, ?, ?, ?)
Hibernate: insert into joblists (company, detail_link, end_date, job_code, location, title) values (?, ?, ?, ?, ?, ?)
Hibernate: insert into joblists (company, detail_link, end_date, job_code, location, title) values (?, ?, ?, ?, ?, ?)
Hibernate: insert into joblists (company, detail_link, end_date, job_code, location, title) values (?, ?, ?, ?, ?, ?)
Hibernate: insert into joblists (company, detail_link, end_date, job_code, location, title) values (?, ?, ?, ?, ?, ?)
Hibernate: insert into joblists (company, detail_link, end_date, job_code, location, title) values (?, ?, ?, ?, ?, ?)
Hibernate: insert into joblists (company, detail_link, end_date, job_code, location, title) values (?, ?, ?, ?, ?, ?)
Hibernate: insert into joblists (company, detail_link, end_date, job_code, location, title) values (?, ?, ?, ?, ?, ?)
Hibernate: insert into joblists (company, detail_link, end_date, job_code, location, title) values (?, ?, ?, ?, ?, ?)
Hibernate: insert into joblists (company, detail_link, end_date, job_code, location, title) values (?, ?, ?, ?, ?, ?)
Hibernate: insert into joblists (company, detail_link, end_date, job_code, location, title) values (?, ?, ?, ?, ?, ?)
Hibernate: insert into joblists (company, detail_link, end_date, job_code, location, title) values (?, ?, ?, ?, ?, ?)
Hibernate: insert into joblists (company, detail_link, end_date, job_code, location, title) values (?, ?, ?, ?, ?, ?)
Hibernate: insert into joblists (company, detail_link, end_date, job_code, location, title) values (?, ?, ?, ?, ?, ?)
Hibernate: insert into joblists (company, detail_link, end_date, job_code, location, title) values (?, ?, ?, ?, ?, ?)
Hibernate: insert into joblists (company, detail_link, end_date, job_code, location, title) values (?, ?, ?, ?, ?, ?)
Hibernate: insert into joblists (company, detail_link, end_date, job_code, location, title) values (?, ?, ?, ?, ?, ?)
Hibernate: insert into joblists (company, detail_link, end_date, job_code, location, title) values (?, ?, ?, ?, ?, ?)
Hibernate: insert into joblists (company, detail_link, end_date, job_code, location, title) values (?, ?, ?, ?, ?, ?)
Hibernate: insert into joblists (company, detail_link, end_date, job_code, location, title) values (?, ?, ?, ?, ?, ?)
Hibernate: insert into joblists (company, detail_link, end_date, job_code, location, title) values (?, ?, ?, ?, ?, ?)
Hibernate: insert into joblists (company, detail_link, end_date, job_code, location, title) values (?, ?, ?, ?, ?, ?)
Hibernate: insert into joblists (company, detail_link, end_date, job_code, location, title) values (?, ?, ?, ?, ?, ?)
Hibernate: insert into joblists (company, detail_link, end_date, job_code, location, title) values (?, ?, ?, ?, ?, ?)
Hibernate: insert into joblists (company, detail_link, end_date, job_code, location, title) values (?, ?, ?, ?, ?, ?)
Hibernate: insert into joblists (company, detail_link, end_date, job_code, location, title) values (?, ?, ?, ?, ?, ?)
Hibernate: insert into joblists (company, detail_link, end_date, job_code, location, title) values (?, ?, ?, ?, ?, ?)
Hibernate: insert into joblists (company, detail_link, end_date, job_code, location, title) values (?, ?, ?, ?, ?, ?)
Hibernate: insert into joblists (company, detail_link, end_date, job_code, location, title) values (?, ?, ?, ?, ?, ?)
Hibernate: insert into joblists (company, detail_link, end_date, job_code, location, title) values (?, ?, ?, ?, ?, ?)
Hibernate: insert into joblists (company, detail_link, end_date, job_code, location, title) values (?, ?, ?, ?, ?, ?)
Hibernate: insert into joblists (company, detail_link, end_date, job_code, location, title) values (?, ?, ?, ?, ?, ?)
Hibernate: insert into joblists (company, detail_link, end_date, job_code, location, title) values (?, ?, ?, ?, ?, ?)
Hibernate: insert into joblists (company, detail_link, end_date, job_code, location, title) values (?, ?, ?, ?, ?, ?)
Hibernate: insert into joblists (company, detail_link, end_date, job_code, location, title) values (?, ?, ?, ?, ?, ?)
Hibernate: insert into joblists (company, detail_link, end_date, job_code, location, title) values (?, ?, ?, ?, ?, ?)
Hibernate: insert into joblists (company, detail_link, end_date, job_code, location, title) values (?, ?, ?, ?, ?, ?)
Hibernate: insert into joblists (company, detail_link, end_date, job_code, location, title) values (?, ?, ?, ?, ?, ?)
Hibernate: insert into joblists (company, detail_link, end_date, job_code, location, title) values (?, ?, ?, ?, ?, ?)
Hibernate: insert into joblists (company, detail_link, end_date, job_code, location, title) values (?, ?, ?, ?, ?, ?)
Hibernate: insert into joblists (company, detail_link, end_date, job_code, location, title) values (?, ?, ?, ?, ?, ?)
Hibernate: insert into joblists (company, detail_link, end_date, job_code, location, title) values (?, ?, ?, ?, ?, ?)
Hibernate: insert into joblists (company, detail_link, end_date, job_code, location, title) values (?, ?, ?, ?, ?, ?)
Hibernate: insert into joblists (company, detail_link, end_date, job_code, location, title) values (?, ?, ?, ?, ?, ?)
Hibernate: insert into joblists (company, detail_link, end_date, job_code, location, title) values (?, ?, ?, ?, ?, ?)
Hibernate: insert into joblists (company, detail_link, end_date, job_code, location, title) values (?, ?, ?, ?, ?, ?)
Hibernate: insert into joblists (company, detail_link, end_date, job_code, location, title) values (?, ?, ?, ?, ?, ?)
Hibernate: insert into joblists (company, detail_link, end_date, job_code, location, title) values (?, ?, ?, ?, ?, ?)
Hibernate: insert into joblists (company, detail_link, end_date, job_code, location, title) values (?, ?, ?, ?, ?, ?)
Hibernate: insert into joblists (company, detail_link, end_date, job_code, location, title) values (?, ?, ?, ?, ?, ?)
Hibernate: insert into joblists (company, detail_link, end_date, job_code, location, title) values (?, ?, ?, ?, ?, ?)
Hibernate: insert into joblists (company, detail_link, end_date, job_code, location, title) values (?, ?, ?, ?, ?, ?)
Hibernate: insert into joblists (company, detail_link, end_date, job_code, location, title) values (?, ?, ?, ?, ?, ?)
Hibernate: insert into joblists (company, detail_link, end_date, job_code, location, title) values (?, ?, ?, ?, ?, ?)
Hibernate: insert into joblists (company, detail_link, end_date, job_code, location, title) values (?, ?, ?, ?, ?, ?)
Hibernate: insert into joblists (company, detail_link, end_date, job_code, location, title) values (?, ?, ?, ?, ?, ?)
Hibernate: insert into joblists (company, detail_link, end_date, job_code, location, title) values (?, ?, ?, ?, ?, ?)
Hibernate: insert into joblists (company, detail_link, end_date, job_code, location, title) values (?, ?, ?, ?, ?, ?)
Hibernate: insert into joblists (company, detail_link, end_date, job_code, location, title) values (?, ?, ?, ?, ?, ?)
Hibernate: insert into joblists (company, detail_link, end_date, job_code, location, title) values (?, ?, ?, ?, ?, ?)
Hibernate: insert into joblists (company, detail_link, end_date, job_code, location, title) values (?, ?, ?, ?, ?, ?)
Hibernate: insert into joblists (company, detail_link, end_date, job_code, location, title) values (?, ?, ?, ?, ?, ?)
Hibernate: insert into joblists (company, detail_link, end_date, job_code, location, title) values (?, ?, ?, ?, ?, ?)
Hibernate: insert into joblists (company, detail_link, end_date, job_code, location, title) values (?, ?, ?, ?, ?, ?)
Hibernate: insert into joblists (company, detail_link, end_date, job_code, location, title) values (?, ?, ?, ?, ?, ?)
Hibernate: insert into joblists (company, detail_link, end_date, job_code, location, title) values (?, ?, ?, ?, ?, ?)
Hibernate: insert into joblists (company, detail_link, end_date, job_code, location, title) values (?, ?, ?, ?, ?, ?)
Hibernate: insert into joblists (company, detail_link, end_date, job_code, location, title) values (?, ?, ?, ?, ?, ?)
Hibernate: insert into joblists (company, detail_link, end_date, job_code, location, title) values (?, ?, ?, ?, ?, ?)
Hibernate: insert into joblists (company, detail_link, end_date, job_code, location, title) values (?, ?, ?, ?, ?, ?)
Hibernate: insert into joblists (company, detail_link, end_date, job_code, location, title) values (?, ?, ?, ?, ?, ?)
Hibernate: insert into joblists (company, detail_link, end_date, job_code, location, title) values (?, ?, ?, ?, ?, ?)
Hibernate: insert into joblists (company, detail_link, end_date, job_code, location, title) values (?, ?, ?, ?, ?, ?)
Hibernate: insert into joblists (company, detail_link, end_date, job_code, location, title) values (?, ?, ?, ?, ?, ?)
Hibernate: insert into joblists (company, detail_link, end_date, job_code, location, title) values (?, ?, ?, ?, ?, ?)
Hibernate: insert into joblists (company, detail_link, end_date, job_code, location, title) values (?, ?, ?, ?, ?, ?)
Hibernate: insert into joblists (company, detail_link, end_date, job_code, location, title) values (?, ?, ?, ?, ?, ?)
Hibernate: insert into joblists (company, detail_link, end_date, job_code, location, title) values (?, ?, ?, ?, ?, ?)
Hibernate: insert into joblists (company, detail_link, end_date, job_code, location, title) values (?, ?, ?, ?, ?, ?)
Hibernate: insert into joblists (company, detail_link, end_date, job_code, location, title) values (?, ?, ?, ?, ?, ?)
Hibernate: insert into joblists (company, detail_link, end_date, job_code, location, title) values (?, ?, ?, ?, ?, ?)
Hibernate: insert into joblists (company, detail_link, end_date, job_code, location, title) values (?, ?, ?, ?, ?, ?)
Hibernate: insert into joblists (company, detail_link, end_date, job_code, location, title) values (?, ?, ?, ?, ?, ?)
Hibernate: insert into joblists (company, detail_link, end_date, job_code, location, title) values (?, ?, ?, ?, ?, ?)
Hibernate: insert into joblists (company, detail_link, end_date, job_code, location, title) values (?, ?, ?, ?, ?, ?)
Hibernate: insert into joblists (company, detail_link, end_date, job_code, location, title) values (?, ?, ?, ?, ?, ?)
Hibernate: insert into joblists (company, detail_link, end_date, job_code, location, title) values (?, ?, ?, ?, ?, ?)
Hibernate: insert into joblists (company, detail_link, end_date, job_code, location, title) values (?, ?, ?, ?, ?, ?)
Hibernate: insert into joblists (company, detail_link, end_date, job_code, location, title) values (?, ?, ?, ?, ?, ?)
Hibernate: insert into joblists (company, detail_link, end_date, job_code, location, title) values (?, ?, ?, ?, ?, ?)
Hibernate: insert into joblists (company, detail_link, end_date, job_code, location, title) values (?, ?, ?, ?, ?, ?)
Hibernate: insert into joblists (company, detail_link, end_date, job_code, location, title) values (?, ?, ?, ?, ?, ?)
Hibernate: insert into joblists (company, detail_link, end_date, job_code, location, title) values (?, ?, ?, ?, ?, ?)
Hibernate: insert into joblists (company, detail_link, end_date, job_code, location, title) values (?, ?, ?, ?, ?, ?)
Hibernate: insert into joblists (company, detail_link, end_date, job_code, location, title) values (?, ?, ?, ?, ?, ?)
Hibernate: insert into joblists (company, detail_link, end_date, job_code, location, title) values (?, ?, ?, ?, ?, ?)
Hibernate: insert into joblists (company, detail_link, end_date, job_code, location, title) values (?, ?, ?, ?, ?, ?)
Hibernate: insert into joblists (company, detail_link, end_date, job_code, location, title) values (?, ?, ?, ?, ?, ?)
Hibernate: insert into joblists (company, detail_link, end_date, job_code, location, title) values (?, ?, ?, ?, ?, ?)
Hibernate: insert into joblists (company, detail_link, end_date, job_code, location, title) values (?, ?, ?, ?, ?, ?)
Hibernate: insert into joblists (company, detail_link, end_date, job_code, location, title) values (?, ?, ?, ?, ?, ?)
Hibernate: insert into joblists (company, detail_link, end_date, job_code, location, title) values (?, ?, ?, ?, ?, ?)
Hibernate: insert into joblists (company, detail_link, end_date, job_code, location, title) values (?, ?, ?, ?, ?, ?)
Hibernate: insert into joblists (company, detail_link, end_date, job_code, location, title) values (?, ?, ?, ?, ?, ?)
Hibernate: insert into joblists (company, detail_link, end_date, job_code, location, title) values (?, ?, ?, ?, ?, ?)
Hibernate: insert into joblists (company, detail_link, end_date, job_code, location, title) values (?, ?, ?, ?, ?, ?)
Hibernate: insert into joblists (company, detail_link, end_date, job_code, location, title) values (?, ?, ?, ?, ?, ?)
Hibernate: insert into joblists (company, detail_link, end_date, job_code, location, title) values (?, ?, ?, ?, ?, ?)
Hibernate: insert into joblists (company, detail_link, end_date, job_code, location, title) values (?, ?, ?, ?, ?, ?)
Hibernate: insert into joblists (company, detail_link, end_date, job_code, location, title) values (?, ?, ?, ?, ?, ?)
Hibernate: insert into joblists (company, detail_link, end_date, job_code, location, title) values (?, ?, ?, ?, ?, ?)
Hibernate: insert into joblists (company, detail_link, end_date, job_code, location, title) values (?, ?, ?, ?, ?, ?)
Hibernate: insert into joblists (company, detail_link, end_date, job_code, location, title) values (?, ?, ?, ?, ?, ?)
Hibernate: insert into joblists (company, detail_link, end_date, job_code, location, title) values (?, ?, ?, ?, ?, ?)
Hibernate: insert into joblists (company, detail_link, end_date, job_code, location, title) values (?, ?, ?, ?, ?, ?)
Hibernate: insert into joblists (company, detail_link, end_date, job_code, location, title) values (?, ?, ?, ?, ?, ?)
Hibernate: insert into joblists (company, detail_link, end_date, job_code, location, title) values (?, ?, ?, ?, ?, ?)
Hibernate: insert into joblists (company, detail_link, end_date, job_code, location, title) values (?, ?, ?, ?, ?, ?)
Hibernate: insert into joblists (company, detail_link, end_date, job_code, location, title) values (?, ?, ?, ?, ?, ?)
Hibernate: insert into joblists (company, detail_link, end_date, job_code, location, title) values (?, ?, ?, ?, ?, ?)
Hibernate: insert into joblists (company, detail_link, end_date, job_code, location, title) values (?, ?, ?, ?, ?, ?)
Hibernate: insert into joblists (company, detail_link, end_date, job_code, location, title) values (?, ?, ?, ?, ?, ?)
Hibernate: insert into joblists (company, detail_link, end_date, job_code, location, title) values (?, ?, ?, ?, ?, ?)
Hibernate: insert into joblists (company, detail_link, end_date, job_code, location, title) values (?, ?, ?, ?, ?, ?)
Hibernate: insert into joblists (company, detail_link, end_date, job_code, location, title) values (?, ?, ?, ?, ?, ?)
Hibernate: insert into joblists (company, detail_link, end_date, job_code, location, title) values (?, ?, ?, ?, ?, ?)
Hibernate: insert into joblists (company, detail_link, end_date, job_code, location, title) values (?, ?, ?, ?, ?, ?)
Hibernate: insert into joblists (company, detail_link, end_date, job_code, location, title) values (?, ?, ?, ?, ?, ?)
Hibernate: insert into joblists (company, detail_link, end_date, job_code, location, title) values (?, ?, ?, ?, ?, ?)
Hibernate: insert into joblists (company, detail_link, end_date, job_code, location, title) values (?, ?, ?, ?, ?, ?)
Hibernate: insert into joblists (company, detail_link, end_date, job_code, location, title) values (?, ?, ?, ?, ?, ?)
Hibernate: insert into joblists (company, detail_link, end_date, job_code, location, title) values (?, ?, ?, ?, ?, ?)
Hibernate: insert into joblists (company, detail_link, end_date, job_code, location, title) values (?, ?, ?, ?, ?, ?)
Hibernate: insert into joblists (company, detail_link, end_date, job_code, location, title) values (?, ?, ?, ?, ?, ?)
Hibernate: insert into joblists (company, detail_link, end_date, job_code, location, title) values (?, ?, ?, ?, ?, ?)
Hibernate: insert into joblists (company, detail_link, end_date, job_code, location, title) values (?, ?, ?, ?, ?, ?)
Hibernate: insert into joblists (company, detail_link, end_date, job_code, location, title) values (?, ?, ?, ?, ?, ?)
Hibernate: insert into joblists (company, detail_link, end_date, job_code, location, title) values (?, ?, ?, ?, ?, ?)
Hibernate: insert into joblists (company, detail_link, end_date, job_code, location, title) values (?, ?, ?, ?, ?, ?)
Hibernate: insert into joblists (company, detail_link, end_date, job_code, location, title) values (?, ?, ?, ?, ?, ?)
Hibernate: insert into joblists (company, detail_link, end_date, job_code, location, title) values (?, ?, ?, ?, ?, ?)
Hibernate: insert into joblists (company, detail_link, end_date, job_code, location, title) values (?, ?, ?, ?, ?, ?)
Hibernate: insert into joblists (company, detail_link, end_date, job_code, location, title) values (?, ?, ?, ?, ?, ?)
Hibernate: insert into joblists (company, detail_link, end_date, job_code, location, title) values (?, ?, ?, ?, ?, ?)
Hibernate: insert into joblists (company, detail_link, end_date, job_code, location, title) values (?, ?, ?, ?, ?, ?)
Hibernate: insert into joblists (company, detail_link, end_date, job_code, location, title) values (?, ?, ?, ?, ?, ?)
Hibernate: insert into joblists (company, detail_link, end_date, job_code, location, title) values (?, ?, ?, ?, ?, ?)
Hibernate: insert into joblists (company, detail_link, end_date, job_code, location, title) values (?, ?, ?, ?, ?, ?)
Hibernate: insert into joblists (company, detail_link, end_date, job_code, location, title) values (?, ?, ?, ?, ?, ?)
Hibernate: insert into joblists (company, detail_link, end_date, job_code, location, title) values (?, ?, ?, ?, ?, ?)
Hibernate: insert into joblists (company, detail_link, end_date, job_code, location, title) values (?, ?, ?, ?, ?, ?)
Hibernate: insert into joblists (company, detail_link, end_date, job_code, location, title) values (?, ?, ?, ?, ?, ?)
Hibernate: insert into joblists (company, detail_link, end_date, job_code, location, title) values (?, ?, ?, ?, ?, ?)
Hibernate: insert into joblists (company, detail_link, end_date, job_code, location, title) values (?, ?, ?, ?, ?, ?)
Hibernate: insert into joblists (company, detail_link, end_date, job_code, location, title) values (?, ?, ?, ?, ?, ?)
Hibernate: insert into joblists (company, detail_link, end_date, job_code, location, title) values (?, ?, ?, ?, ?, ?)
Hibernate: insert into joblists (company, detail_link, end_date, job_code, location, title) values (?, ?, ?, ?, ?, ?)
Hibernate: insert into joblists (company, detail_link, end_date, job_code, location, title) values (?, ?, ?, ?, ?, ?)
Hibernate: insert into joblists (company, detail_link, end_date, job_code, location, title) values (?, ?, ?, ?, ?, ?)
Hibernate: insert into joblists (company, detail_link, end_date, job_code, location, title) values (?, ?, ?, ?, ?, ?)
Hibernate: insert into joblists (company, detail_link, end_date, job_code, location, title) values (?, ?, ?, ?, ?, ?)
Hibernate: insert into joblists (company, detail_link, end_date, job_code, location, title) values (?, ?, ?, ?, ?, ?)
Hibernate: insert into joblists (company, detail_link, end_date, job_code, location, title) values (?, ?, ?, ?, ?, ?)
Hibernate: insert into joblists (company, detail_link, end_date, job_code, location, title) values (?, ?, ?, ?, ?, ?)
Hibernate: insert into joblists (company, detail_link, end_date, job_code, location, title) values (?, ?, ?, ?, ?, ?)
Hibernate: insert into joblists (company, detail_link, end_date, job_code, location, title) values (?, ?, ?, ?, ?, ?)
Hibernate: insert into joblists (company, detail_link, end_date, job_code, location, title) values (?, ?, ?, ?, ?, ?)
Hibernate: insert into joblists (company, detail_link, end_date, job_code, location, title) values (?, ?, ?, ?, ?, ?)
Hibernate: insert into joblists (company, detail_link, end_date, job_code, location, title) values (?, ?, ?, ?, ?, ?)
Hibernate: insert into joblists (company, detail_link, end_date, job_code, location, title) values (?, ?, ?, ?, ?, ?)
Hibernate: insert into joblists (company, detail_link, end_date, job_code, location, title) values (?, ?, ?, ?, ?, ?)
Hibernate: insert into joblists (company, detail_link, end_date, job_code, location, title) values (?, ?, ?, ?, ?, ?)
Hibernate: insert into joblists (company, detail_link, end_date, job_code, location, title) values (?, ?, ?, ?, ?, ?)
Hibernate: insert into joblists (company, detail_link, end_date, job_code, location, title) values (?, ?, ?, ?, ?, ?)
Hibernate: insert into joblists (company, detail_link, end_date, job_code, location, title) values (?, ?, ?, ?, ?, ?)
Hibernate: insert into joblists (company, detail_link, end_date, job_code, location, title) values (?, ?, ?, ?, ?, ?)
Hibernate: insert into joblists (company, detail_link, end_date, job_code, location, title) values (?, ?, ?, ?, ?, ?)
Hibernate: insert into joblists (company, detail_link, end_date, job_code, location, title) values (?, ?, ?, ?, ?, ?)
Hibernate: insert into joblists (company, detail_link, end_date, job_code, location, title) values (?, ?, ?, ?, ?, ?)
Hibernate: insert into joblists (company, detail_link, end_date, job_code, location, title) values (?, ?, ?, ?, ?, ?)
Hibernate: insert into joblists (company, detail_link, end_date, job_code, location, title) values (?, ?, ?, ?, ?, ?)
Hibernate: insert into joblists (company, detail_link, end_date, job_code, location, title) values (?, ?, ?, ?, ?, ?)
Hibernate: insert into joblists (company, detail_link, end_date, job_code, location, title) values (?, ?, ?, ?, ?, ?)
Hibernate: insert into joblists (company, detail_link, end_date, job_code, location, title) values (?, ?, ?, ?, ?, ?)
Hibernate: insert into joblists (company, detail_link, end_date, job_code, location, title) values (?, ?, ?, ?, ?, ?)
Hibernate: insert into joblists (company, detail_link, end_date, job_code, location, title) values (?, ?, ?, ?, ?, ?)
Hibernate: insert into joblists (company, detail_link, end_date, job_code, location, title) values (?, ?, ?, ?, ?, ?)
Hibernate: insert into joblists (company, detail_link, end_date, job_code, location, title) values (?, ?, ?, ?, ?, ?)
Hibernate: insert into joblists (company, detail_link, end_date, job_code, location, title) values (?, ?, ?, ?, ?, ?)
Hibernate: insert into joblists (company, detail_link, end_date, job_code, location, title) values (?, ?, ?, ?, ?, ?)
Hibernate: insert into joblists (company, detail_link, end_date, job_code, location, title) values (?, ?, ?, ?, ?, ?)
Hibernate: insert into joblists (company, detail_link, end_date, job_code, location, title) values (?, ?, ?, ?, ?, ?)
Hibernate: insert into joblists (company, detail_link, end_date, job_code, location, title) values (?, ?, ?, ?, ?, ?)
Hibernate: insert into joblists (company, detail_link, end_date, job_code, location, title) values (?, ?, ?, ?, ?, ?)
Hibernate: insert into joblists (company, detail_link, end_date, job_code, location, title) values (?, ?, ?, ?, ?, ?)
Hibernate: insert into joblists (company, detail_link, end_date, job_code, location, title) values (?, ?, ?, ?, ?, ?)
Hibernate: insert into joblists (company, detail_link, end_date, job_code, location, title) values (?, ?, ?, ?, ?, ?)
Hibernate: insert into joblists (company, detail_link, end_date, job_code, location, title) values (?, ?, ?, ?, ?, ?)
Hibernate: insert into joblists (company, detail_link, end_date, job_code, location, title) values (?, ?, ?, ?, ?, ?)
Hibernate: insert into joblists (company, detail_link, end_date, job_code, location, title) values (?, ?, ?, ?, ?, ?)
Hibernate: insert into joblists (company, detail_link, end_date, job_code, location, title) values (?, ?, ?, ?, ?, ?)
Hibernate: insert into joblists (company, detail_link, end_date, job_code, location, title) values (?, ?, ?, ?, ?, ?)
Hibernate: insert into joblists (company, detail_link, end_date, job_code, location, title) values (?, ?, ?, ?, ?, ?)
Hibernate: insert into joblists (company, detail_link, end_date, job_code, location, title) values (?, ?, ?, ?, ?, ?)
Hibernate: insert into joblists (company, detail_link, end_date, job_code, location, title) values (?, ?, ?, ?, ?, ?)
Hibernate: insert into joblists (company, detail_link, end_date, job_code, location, title) values (?, ?, ?, ?, ?, ?)
Hibernate: insert into joblists (company, detail_link, end_date, job_code, location, title) values (?, ?, ?, ?, ?, ?)
Hibernate: insert into joblists (company, detail_link, end_date, job_code, location, title) values (?, ?, ?, ?, ?, ?)
Hibernate: insert into joblists (company, detail_link, end_date, job_code, location, title) values (?, ?, ?, ?, ?, ?)
Hibernate: insert into joblists (company, detail_link, end_date, job_code, location, title) values (?, ?, ?, ?, ?, ?)
Hibernate: insert into joblists (company, detail_link, end_date, job_code, location, title) values (?, ?, ?, ?, ?, ?)
Hibernate: insert into joblists (company, detail_link, end_date, job_code, location, title) values (?, ?, ?, ?, ?, ?)
Hibernate: insert into joblists (company, detail_link, end_date, job_code, location, title) values (?, ?, ?, ?, ?, ?)
Hibernate: insert into joblists (company, detail_link, end_date, job_code, location, title) values (?, ?, ?, ?, ?, ?)
Hibernate: insert into joblists (company, detail_link, end_date, job_code, location, title) values (?, ?, ?, ?, ?, ?)
Hibernate: insert into joblists (company, detail_link, end_date, job_code, location, title) values (?, ?, ?, ?, ?, ?)
Hibernate: insert into joblists (company, detail_link, end_date, job_code, location, title) values (?, ?, ?, ?, ?, ?)
Hibernate: insert into joblists (company, detail_link, end_date, job_code, location, title) values (?, ?, ?, ?, ?, ?)
Hibernate: insert into joblists (company, detail_link, end_date, job_code, location, title) values (?, ?, ?, ?, ?, ?)
Hibernate: insert into joblists (company, detail_link, end_date, job_code, location, title) values (?, ?, ?, ?, ?, ?)
Hibernate: insert into joblists (company, detail_link, end_date, job_code, location, title) values (?, ?, ?, ?, ?, ?)
Hibernate: insert into joblists (company, detail_link, end_date, job_code, location, title) values (?, ?, ?, ?, ?, ?)
Hibernate: insert into joblists (company, detail_link, end_date, job_code, location, title) values (?, ?, ?, ?, ?, ?)
Hibernate: insert into joblists (company, detail_link, end_date, job_code, location, title) values (?, ?, ?, ?, ?, ?)
Hibernate: insert into joblists (company, detail_link, end_date, job_code, location, title) values (?, ?, ?, ?, ?, ?)
Hibernate: insert into joblists (company, detail_link, end_date, job_code, location, title) values (?, ?, ?, ?, ?, ?)
Hibernate: insert into joblists (company, detail_link, end_date, job_code, location, title) values (?, ?, ?, ?, ?, ?)
Hibernate: insert into joblists (company, detail_link, end_date, job_code, location, title) values (?, ?, ?, ?, ?, ?)
Hibernate: insert into joblists (company, detail_link, end_date, job_code, location, title) values (?, ?, ?, ?, ?, ?)
Hibernate: insert into joblists (company, detail_link, end_date, job_code, location, title) values (?, ?, ?, ?, ?, ?)
Hibernate: insert into joblists (company, detail_link, end_date, job_code, location, title) values (?, ?, ?, ?, ?, ?)
Hibernate: insert into joblists (company, detail_link, end_date, job_code, location, title) values (?, ?, ?, ?, ?, ?)
Hibernate: insert into joblists (company, detail_link, end_date, job_code, location, title) values (?, ?, ?, ?, ?, ?)
Hibernate: insert into joblists (company, detail_link, end_date, job_code, location, title) values (?, ?, ?, ?, ?, ?)
Hibernate: insert into joblists (company, detail_link, end_date, job_code, location, title) values (?, ?, ?, ?, ?, ?)
Hibernate: insert into joblists (company, detail_link, end_date, job_code, location, title) values (?, ?, ?, ?, ?, ?)
Hibernate: insert into joblists (company, detail_link, end_date, job_code, location, title) values (?, ?, ?, ?, ?, ?)
Hibernate: insert into joblists (company, detail_link, end_date, job_code, location, title) values (?, ?, ?, ?, ?, ?)
Hibernate: insert into joblists (company, detail_link, end_date, job_code, location, title) values (?, ?, ?, ?, ?, ?)
Hibernate: insert into joblists (company, detail_link, end_date, job_code, location, title) values (?, ?, ?, ?, ?, ?)
Hibernate: insert into joblists (company, detail_link, end_date, job_code, location, title) values (?, ?, ?, ?, ?, ?)
Hibernate: insert into joblists (company, detail_link, end_date, job_code, location, title) values (?, ?, ?, ?, ?, ?)
Hibernate: insert into joblists (company, detail_link, end_date, job_code, location, title) values (?, ?, ?, ?, ?, ?)
Hibernate: insert into joblists (company, detail_link, end_date, job_code, location, title) values (?, ?, ?, ?, ?, ?)
Hibernate: insert into joblists (company, detail_link, end_date, job_code, location, title) values (?, ?, ?, ?, ?, ?)
Hibernate: insert into joblists (company, detail_link, end_date, job_code, location, title) values (?, ?, ?, ?, ?, ?)
Hibernate: insert into joblists (company, detail_link, end_date, job_code, location, title) values (?, ?, ?, ?, ?, ?)
Hibernate: insert into joblists (company, detail_link, end_date, job_code, location, title) values (?, ?, ?, ?, ?, ?)
Hibernate: insert into joblists (company, detail_link, end_date, job_code, location, title) values (?, ?, ?, ?, ?, ?)
Hibernate: insert into joblists (company, detail_link, end_date, job_code, location, title) values (?, ?, ?, ?, ?, ?)
Hibernate: insert into joblists (company, detail_link, end_date, job_code, location, title) values (?, ?, ?, ?, ?, ?)
Hibernate: insert into joblists (company, detail_link, end_date, job_code, location, title) values (?, ?, ?, ?, ?, ?)
Hibernate: insert into joblists (company, detail_link, end_date, job_code, location, title) values (?, ?, ?, ?, ?, ?)
Hibernate: insert into joblists (company, detail_link, end_date, job_code, location, title) values (?, ?, ?, ?, ?, ?)
Hibernate: insert into joblists (company, detail_link, end_date, job_code, location, title) values (?, ?, ?, ?, ?, ?)
Hibernate: insert into joblists (company, detail_link, end_date, job_code, location, title) values (?, ?, ?, ?, ?, ?)
Hibernate: insert into joblists (company, detail_link, end_date, job_code, location, title) values (?, ?, ?, ?, ?, ?)
Hibernate: insert into joblists (company, detail_link, end_date, job_code, location, title) values (?, ?, ?, ?, ?, ?)
Hibernate: insert into joblists (company, detail_link, end_date, job_code, location, title) values (?, ?, ?, ?, ?, ?)
Hibernate: insert into joblists (company, detail_link, end_date, job_code, location, title) values (?, ?, ?, ?, ?, ?)
Hibernate: insert into joblists (company, detail_link, end_date, job_code, location, title) values (?, ?, ?, ?, ?, ?)
Hibernate: insert into joblists (company, detail_link, end_date, job_code, location, title) values (?, ?, ?, ?, ?, ?)
Hibernate: insert into joblists (company, detail_link, end_date, job_code, location, title) values (?, ?, ?, ?, ?, ?)
Hibernate: insert into joblists (company, detail_link, end_date, job_code, location, title) values (?, ?, ?, ?, ?, ?)
Hibernate: insert into joblists (company, detail_link, end_date, job_code, location, title) values (?, ?, ?, ?, ?, ?)
Hibernate: insert into joblists (company, detail_link, end_date, job_code, location, title) values (?, ?, ?, ?, ?, ?)
Hibernate: insert into joblists (company, detail_link, end_date, job_code, location, title) values (?, ?, ?, ?, ?, ?)
Hibernate: insert into joblists (company, detail_link, end_date, job_code, location, title) values (?, ?, ?, ?, ?, ?)
Hibernate: insert into joblists (company, detail_link, end_date, job_code, location, title) values (?, ?, ?, ?, ?, ?)
Hibernate: insert into joblists (company, detail_link, end_date, job_code, location, title) values (?, ?, ?, ?, ?, ?)
Hibernate: insert into joblists (company, detail_link, end_date, job_code, location, title) values (?, ?, ?, ?, ?, ?)
Hibernate: insert into joblists (company, detail_link, end_date, job_code, location, title) values (?, ?, ?, ?, ?, ?)
Hibernate: insert into joblists (company, detail_link, end_date, job_code, location, title) values (?, ?, ?, ?, ?, ?)
Hibernate: insert into joblists (company, detail_link, end_date, job_code, location, title) values (?, ?, ?, ?, ?, ?)
Hibernate: insert into joblists (company, detail_link, end_date, job_code, location, title) values (?, ?, ?, ?, ?, ?)
Hibernate: insert into joblists (company, detail_link, end_date, job_code, location, title) values (?, ?, ?, ?, ?, ?)
Hibernate: insert into joblists (company, detail_link, end_date, job_code, location, title) values (?, ?, ?, ?, ?, ?)
Hibernate: insert into joblists (company, detail_link, end_date, job_code, location, title) values (?, ?, ?, ?, ?, ?)
Hibernate: insert into joblists (company, detail_link, end_date, job_code, location, title) values (?, ?, ?, ?, ?, ?)
Hibernate: insert into joblists (company, detail_link, end_date, job_code, location, title) values (?, ?, ?, ?, ?, ?)
Hibernate: insert into joblists (company, detail_link, end_date, job_code, location, title) values (?, ?, ?, ?, ?, ?)
Hibernate: insert into joblists (company, detail_link, end_date, job_code, location, title) values (?, ?, ?, ?, ?, ?)
Hibernate: insert into joblists (company, detail_link, end_date, job_code, location, title) values (?, ?, ?, ?, ?, ?)
Hibernate: insert into joblists (company, detail_link, end_date, job_code, location, title) values (?, ?, ?, ?, ?, ?)
Hibernate: insert into joblists (company, detail_link, end_date, job_code, location, title) values (?, ?, ?, ?, ?, ?)
Hibernate: insert into joblists (company, detail_link, end_date, job_code, location, title) values (?, ?, ?, ?, ?, ?)
Hibernate: insert into joblists (company, detail_link, end_date, job_code, location, title) values (?, ?, ?, ?, ?, ?)
Hibernate: insert into joblists (company, detail_link, end_date, job_code, location, title) values (?, ?, ?, ?, ?, ?)
Hibernate: insert into joblists (company, detail_link, end_date, job_code, location, title) values (?, ?, ?, ?, ?, ?)
Hibernate: insert into joblists (company, detail_link, end_date, job_code, location, title) values (?, ?, ?, ?, ?, ?)
Hibernate: insert into joblists (company, detail_link, end_date, job_code, location, title) values (?, ?, ?, ?, ?, ?)
Hibernate: insert into joblists (company, detail_link, end_date, job_code, location, title) values (?, ?, ?, ?, ?, ?)
Hibernate: insert into joblists (company, detail_link, end_date, job_code, location, title) values (?, ?, ?, ?, ?, ?)
Hibernate: insert into joblists (company, detail_link, end_date, job_code, location, title) values (?, ?, ?, ?, ?, ?)
Hibernate: insert into joblists (company, detail_link, end_date, job_code, location, title) values (?, ?, ?, ?, ?, ?)
Hibernate: insert into joblists (company, detail_link, end_date, job_code, location, title) values (?, ?, ?, ?, ?, ?)
Hibernate: insert into joblists (company, detail_link, end_date, job_code, location, title) values (?, ?, ?, ?, ?, ?)
Hibernate: insert into joblists (company, detail_link, end_date, job_code, location, title) values (?, ?, ?, ?, ?, ?)
Hibernate: insert into joblists (company, detail_link, end_date, job_code, location, title) values (?, ?, ?, ?, ?, ?)
Hibernate: insert into joblists (company, detail_link, end_date, job_code, location, title) values (?, ?, ?, ?, ?, ?)
Hibernate: insert into joblists (company, detail_link, end_date, job_code, location, title) values (?, ?, ?, ?, ?, ?)
Hibernate: insert into joblists (company, detail_link, end_date, job_code, location, title) values (?, ?, ?, ?, ?, ?)
Hibernate: insert into joblists (company, detail_link, end_date, job_code, location, title) values (?, ?, ?, ?, ?, ?)
Hibernate: insert into joblists (company, detail_link, end_date, job_code, location, title) values (?, ?, ?, ?, ?, ?)
Hibernate: insert into joblists (company, detail_link, end_date, job_code, location, title) values (?, ?, ?, ?, ?, ?)
Hibernate: insert into joblists (company, detail_link, end_date, job_code, location, title) values (?, ?, ?, ?, ?, ?)
Hibernate: insert into joblists (company, detail_link, end_date, job_code, location, title) values (?, ?, ?, ?, ?, ?)
Hibernate: insert into joblists (company, detail_link, end_date, job_code, location, title) values (?, ?, ?, ?, ?, ?)
Hibernate: insert into joblists (company, detail_link, end_date, job_code, location, title) values (?, ?, ?, ?, ?, ?)
Hibernate: insert into joblists (company, detail_link, end_date, job_code, location, title) values (?, ?, ?, ?, ?, ?)
Hibernate: insert into joblists (company, detail_link, end_date, job_code, location, title) values (?, ?, ?, ?, ?, ?)
Hibernate: insert into joblists (company, detail_link, end_date, job_code, location, title) values (?, ?, ?, ?, ?, ?)
Hibernate: insert into joblists (company, detail_link, end_date, job_code, location, title) values (?, ?, ?, ?, ?, ?)
Hibernate: insert into joblists (company, detail_link, end_date, job_code, location, title) values (?, ?, ?, ?, ?, ?)
Hibernate: insert into joblists (company, detail_link, end_date, job_code, location, title) values (?, ?, ?, ?, ?, ?)
Hibernate: insert into joblists (company, detail_link, end_date, job_code, location, title) values (?, ?, ?, ?, ?, ?)
Hibernate: insert into joblists (company, detail_link, end_date, job_code, location, title) values (?, ?, ?, ?, ?, ?)
Hibernate: insert into joblists (company, detail_link, end_date, job_code, location, title) values (?, ?, ?, ?, ?, ?)
Hibernate: insert into joblists (company, detail_link, end_date, job_code, location, title) values (?, ?, ?, ?, ?, ?)
Hibernate: insert into joblists (company, detail_link, end_date, job_code, location, title) values (?, ?, ?, ?, ?, ?)
Hibernate: insert into joblists (company, detail_link, end_date, job_code, location, title) values (?, ?, ?, ?, ?, ?)
Hibernate: insert into joblists (company, detail_link, end_date, job_code, location, title) values (?, ?, ?, ?, ?, ?)
Hibernate: insert into joblists (company, detail_link, end_date, job_code, location, title) values (?, ?, ?, ?, ?, ?)
Hibernate: insert into joblists (company, detail_link, end_date, job_code, location, title) values (?, ?, ?, ?, ?, ?)
Hibernate: insert into joblists (company, detail_link, end_date, job_code, location, title) values (?, ?, ?, ?, ?, ?)
Hibernate: insert into joblists (company, detail_link, end_date, job_code, location, title) values (?, ?, ?, ?, ?, ?)
Hibernate: insert into joblists (company, detail_link, end_date, job_code, location, title) values (?, ?, ?, ?, ?, ?)
Hibernate: insert into joblists (company, detail_link, end_date, job_code, location, title) values (?, ?, ?, ?, ?, ?)
Hibernate: insert into joblists (company, detail_link, end_date, job_code, location, title) values (?, ?, ?, ?, ?, ?)
Hibernate: insert into joblists (company, detail_link, end_date, job_code, location, title) values (?, ?, ?, ?, ?, ?)
Hibernate: insert into joblists (company, detail_link, end_date, job_code, location, title) values (?, ?, ?, ?, ?, ?)
Hibernate: insert into joblists (company, detail_link, end_date, job_code, location, title) values (?, ?, ?, ?, ?, ?)
Hibernate: insert into joblists (company, detail_link, end_date, job_code, location, title) values (?, ?, ?, ?, ?, ?)
Hibernate: insert into joblists (company, detail_link, end_date, job_code, location, title) values (?, ?, ?, ?, ?, ?)
Hibernate: insert into joblists (company, detail_link, end_date, job_code, location, title) values (?, ?, ?, ?, ?, ?)
Hibernate: insert into joblists (company, detail_link, end_date, job_code, location, title) values (?, ?, ?, ?, ?, ?)
Hibernate: insert into joblists (company, detail_link, end_date, job_code, location, title) values (?, ?, ?, ?, ?, ?)
Hibernate: insert into joblists (company, detail_link, end_date, job_code, location, title) values (?, ?, ?, ?, ?, ?)
Hibernate: insert into joblists (company, detail_link, end_date, job_code, location, title) values (?, ?, ?, ?, ?, ?)
Hibernate: insert into joblists (company, detail_link, end_date, job_code, location, title) values (?, ?, ?, ?, ?, ?)
Hibernate: insert into joblists (company, detail_link, end_date, job_code, location, title) values (?, ?, ?, ?, ?, ?)
Hibernate: insert into joblists (company, detail_link, end_date, job_code, location, title) values (?, ?, ?, ?, ?, ?)
Hibernate: insert into joblists (company, detail_link, end_date, job_code, location, title) values (?, ?, ?, ?, ?, ?)
Hibernate: insert into joblists (company, detail_link, end_date, job_code, location, title) values (?, ?, ?, ?, ?, ?)
Hibernate: insert into joblists (company, detail_link, end_date, job_code, location, title) values (?, ?, ?, ?, ?, ?)
Hibernate: insert into joblists (company, detail_link, end_date, job_code, location, title) values (?, ?, ?, ?, ?, ?)
Hibernate: insert into joblists (company, detail_link, end_date, job_code, location, title) values (?, ?, ?, ?, ?, ?)
Hibernate: insert into joblists (company, detail_link, end_date, job_code, location, title) values (?, ?, ?, ?, ?, ?)
Hibernate: insert into joblists (company, detail_link, end_date, job_code, location, title) values (?, ?, ?, ?, ?, ?)
Hibernate: insert into joblists (company, detail_link, end_date, job_code, location, title) values (?, ?, ?, ?, ?, ?)
Hibernate: insert into joblists (company, detail_link, end_date, job_code, location, title) values (?, ?, ?, ?, ?, ?)
Hibernate: insert into joblists (company, detail_link, end_date, job_code, location, title) values (?, ?, ?, ?, ?, ?)
Hibernate: insert into joblists (company, detail_link, end_date, job_code, location, title) values (?, ?, ?, ?, ?, ?)
Hibernate: insert into joblists (company, detail_link, end_date, job_code, location, title) values (?, ?, ?, ?, ?, ?)
Hibernate: insert into joblists (company, detail_link, end_date, job_code, location, title) values (?, ?, ?, ?, ?, ?)
Hibernate: insert into joblists (company, detail_link, end_date, job_code, location, title) values (?, ?, ?, ?, ?, ?)
Hibernate: insert into joblists (company, detail_link, end_date, job_code, location, title) values (?, ?, ?, ?, ?, ?)
Hibernate: insert into joblists (company, detail_link, end_date, job_code, location, title) values (?, ?, ?, ?, ?, ?)
Hibernate: insert into joblists (company, detail_link, end_date, job_code, location, title) values (?, ?, ?, ?, ?, ?)
Hibernate: insert into joblists (company, detail_link, end_date, job_code, location, title) values (?, ?, ?, ?, ?, ?)
Hibernate: insert into joblists (company, detail_link, end_date, job_code, location, title) values (?, ?, ?, ?, ?, ?)
Hibernate: insert into joblists (company, detail_link, end_date, job_code, location, title) values (?, ?, ?, ?, ?, ?)
Hibernate: insert into joblists (company, detail_link, end_date, job_code, location, title) values (?, ?, ?, ?, ?, ?)
Hibernate: insert into joblists (company, detail_link, end_date, job_code, location, title) values (?, ?, ?, ?, ?, ?)
Hibernate: insert into joblists (company, detail_link, end_date, job_code, location, title) values (?, ?, ?, ?, ?, ?)
Hibernate: insert into joblists (company, detail_link, end_date, job_code, location, title) values (?, ?, ?, ?, ?, ?)
Hibernate: insert into joblists (company, detail_link, end_date, job_code, location, title) values (?, ?, ?, ?, ?, ?)
Hibernate: insert into joblists (company, detail_link, end_date, job_code, location, title) values (?, ?, ?, ?, ?, ?)
Hibernate: insert into joblists (company, detail_link, end_date, job_code, location, title) values (?, ?, ?, ?, ?, ?)
Hibernate: insert into joblists (company, detail_link, end_date, job_code, location, title) values (?, ?, ?, ?, ?, ?)
Hibernate: insert into joblists (company, detail_link, end_date, job_code, location, title) values (?, ?, ?, ?, ?, ?)
Hibernate: insert into joblists (company, detail_link, end_date, job_code, location, title) values (?, ?, ?, ?, ?, ?)
Hibernate: insert into joblists (company, detail_link, end_date, job_code, location, title) values (?, ?, ?, ?, ?, ?)
Hibernate: insert into joblists (company, detail_link, end_date, job_code, location, title) values (?, ?, ?, ?, ?, ?)
]]></system-out>
  <system-err><![CDATA[]]></system-err>
</testsuite>
